12:59:44 INFO  : Registering command handlers for SDK TCF services
12:59:45 INFO  : Launching XSCT server: xsct.bat -interactive C:\Users\labview\project_99\project_99.sdk\temp_xsdb_launch_script.tcl
12:59:51 INFO  : XSCT server has started successfully.
12:59:51 INFO  : Successfully done setting XSCT server connection channel  
12:59:52 INFO  : Successfully done setting SDK workspace  
12:59:52 INFO  : Processing command line option -hwspec C:/Users/labview/project_99/project_99.sdk/design_1_wrapper.hdf.
14:01:28 INFO  : Refreshed build settings on project intr
14:09:53 INFO  : Refreshed build settings on project intr
14:49:01 INFO  : Connected to target on host '127.0.0.1' and port '3121'.
14:49:03 INFO  : 'targets -set -filter {jtag_cable_name =~ "Digilent Zybo 210279573393A" && level==0} -index 1' command is executed.
14:49:05 INFO  : FPGA configured successfully with bitstream "C:/Users/labview/project_99/project_99.sdk/design_1_wrapper_hw_platform_0/design_1_wrapper.bit"
14:49:21 INFO  : 'targets -set -filter {jtag_cable_name =~ "Digilent Zybo 210279573393A" && level==0} -index 1' command is executed.
14:49:21 INFO  : 'fpga -state' command is executed.
14:49:21 INFO  : Connected to target on host '127.0.0.1' and port '3121'.
14:49:21 INFO  : Jtag cable 'Digilent Zybo 210279573393A' is selected.
14:49:21 INFO  : 'jtag frequency' command is executed.
14:49:21 INFO  : Sourcing of 'C:/Users/labview/project_99/project_99.sdk/design_1_wrapper_hw_platform_0/ps7_init.tcl' is done.
14:49:21 INFO  : Context for 'APU' is selected.
14:49:21 INFO  : Hardware design information is loaded from 'C:/Users/labview/project_99/project_99.sdk/design_1_wrapper_hw_platform_0/system.hdf'.
14:49:21 INFO  : 'configparams force-mem-access 1' command is executed.
14:49:21 INFO  : Context for 'APU' is selected.
14:49:21 INFO  : 'stop' command is executed.
14:49:22 INFO  : 'ps7_init' command is executed.
14:49:22 INFO  : 'ps7_post_config' command is executed.
14:49:22 INFO  : Context for processor 'ps7_cortexa9_0' is selected.
14:49:22 INFO  : Processor reset is completed for 'ps7_cortexa9_0'.
14:49:22 INFO  : Context for processor 'ps7_cortexa9_0' is selected.
14:49:22 INFO  : The application 'C:/Users/labview/project_99/project_99.sdk/intr/Debug/intr.elf' is downloaded to processor 'ps7_cortexa9_0'.
14:49:22 INFO  : 'configparams force-mem-access 0' command is executed.
14:49:22 INFO  : ----------------XSDB Script----------------
connect -url tcp:127.0.0.1:3121
source C:/Users/labview/project_99/project_99.sdk/design_1_wrapper_hw_platform_0/ps7_init.tcl
targets -set -nocase -filter {name =~"APU*" && jtag_cable_name =~ "Digilent Zybo 210279573393A"} -index 0
loadhw -hw C:/Users/labview/project_99/project_99.sdk/design_1_wrapper_hw_platform_0/system.hdf -mem-ranges [list {0x40000000 0xbfffffff}]
configparams force-mem-access 1
targets -set -nocase -filter {name =~"APU*" && jtag_cable_name =~ "Digilent Zybo 210279573393A"} -index 0
stop
ps7_init
ps7_post_config
targets -set -nocase -filter {name =~ "ARM*#0" && jtag_cable_name =~ "Digilent Zybo 210279573393A"} -index 0
rst -processor
targets -set -nocase -filter {name =~ "ARM*#0" && jtag_cable_name =~ "Digilent Zybo 210279573393A"} -index 0
dow C:/Users/labview/project_99/project_99.sdk/intr/Debug/intr.elf
configparams force-mem-access 0
----------------End of Script----------------

14:49:22 INFO  : Memory regions updated for context APU
14:49:22 INFO  : Context for processor 'ps7_cortexa9_0' is selected.
14:49:22 INFO  : 'con' command is executed.
14:49:22 INFO  : ----------------XSDB Script (After Launch)----------------
targets -set -nocase -filter {name =~ "ARM*#0" && jtag_cable_name =~ "Digilent Zybo 210279573393A"} -index 0
con
----------------End of Script----------------

14:49:22 INFO  : Launch script is exported to file 'C:\Users\labview\project_99\project_99.sdk\.sdk\launch_scripts\xilinx_c-c++_application_(system_debugger)\system_debugger_using_debug_intr.elf_on_local.tcl'
14:49:45 INFO  : Disconnected from the channel tcfchan#1.
14:49:46 INFO  : 'targets -set -filter {jtag_cable_name =~ "Digilent Zybo 210279573393A" && level==0} -index 1' command is executed.
14:49:46 INFO  : 'fpga -state' command is executed.
14:49:46 INFO  : Connected to target on host '127.0.0.1' and port '3121'.
14:49:47 INFO  : Jtag cable 'Digilent Zybo 210279573393A' is selected.
14:49:47 INFO  : 'jtag frequency' command is executed.
14:49:47 INFO  : Sourcing of 'C:/Users/labview/project_99/project_99.sdk/design_1_wrapper_hw_platform_0/ps7_init.tcl' is done.
14:49:47 INFO  : Context for 'APU' is selected.
14:49:48 INFO  : Hardware design information is loaded from 'C:/Users/labview/project_99/project_99.sdk/design_1_wrapper_hw_platform_0/system.hdf'.
14:49:48 INFO  : 'configparams force-mem-access 1' command is executed.
14:49:48 INFO  : Context for 'APU' is selected.
14:49:48 INFO  : 'stop' command is executed.
14:49:48 INFO  : 'ps7_init' command is executed.
14:49:48 INFO  : 'ps7_post_config' command is executed.
14:49:48 INFO  : Context for processor 'ps7_cortexa9_0' is selected.
14:49:48 INFO  : Processor reset is completed for 'ps7_cortexa9_0'.
14:49:49 INFO  : Context for processor 'ps7_cortexa9_0' is selected.
14:49:49 INFO  : The application 'C:/Users/labview/project_99/project_99.sdk/intr/Debug/intr.elf' is downloaded to processor 'ps7_cortexa9_0'.
14:49:49 INFO  : 'configparams force-mem-access 0' command is executed.
14:49:49 INFO  : ----------------XSDB Script----------------
connect -url tcp:127.0.0.1:3121
source C:/Users/labview/project_99/project_99.sdk/design_1_wrapper_hw_platform_0/ps7_init.tcl
targets -set -nocase -filter {name =~"APU*" && jtag_cable_name =~ "Digilent Zybo 210279573393A"} -index 0
loadhw -hw C:/Users/labview/project_99/project_99.sdk/design_1_wrapper_hw_platform_0/system.hdf -mem-ranges [list {0x40000000 0xbfffffff}]
configparams force-mem-access 1
targets -set -nocase -filter {name =~"APU*" && jtag_cable_name =~ "Digilent Zybo 210279573393A"} -index 0
stop
ps7_init
ps7_post_config
targets -set -nocase -filter {name =~ "ARM*#0" && jtag_cable_name =~ "Digilent Zybo 210279573393A"} -index 0
rst -processor
targets -set -nocase -filter {name =~ "ARM*#0" && jtag_cable_name =~ "Digilent Zybo 210279573393A"} -index 0
dow C:/Users/labview/project_99/project_99.sdk/intr/Debug/intr.elf
configparams force-mem-access 0
----------------End of Script----------------

14:49:49 INFO  : Memory regions updated for context APU
14:49:49 INFO  : Context for processor 'ps7_cortexa9_0' is selected.
14:49:49 INFO  : 'con' command is executed.
14:49:49 INFO  : ----------------XSDB Script (After Launch)----------------
targets -set -nocase -filter {name =~ "ARM*#0" && jtag_cable_name =~ "Digilent Zybo 210279573393A"} -index 0
con
----------------End of Script----------------

14:49:49 INFO  : Launch script is exported to file 'C:\Users\labview\project_99\project_99.sdk\.sdk\launch_scripts\xilinx_c-c++_application_(system_debugger)\system_debugger_using_debug_intr.elf_on_local.tcl'
14:51:49 INFO  : Disconnected from the channel tcfchan#2.
14:51:50 INFO  : 'targets -set -filter {jtag_cable_name =~ "Digilent Zybo 210279573393A" && level==0} -index 1' command is executed.
14:51:50 INFO  : 'fpga -state' command is executed.
14:51:50 INFO  : Connected to target on host '127.0.0.1' and port '3121'.
14:51:50 INFO  : Jtag cable 'Digilent Zybo 210279573393A' is selected.
14:51:50 INFO  : 'jtag frequency' command is executed.
14:51:50 INFO  : Sourcing of 'C:/Users/labview/project_99/project_99.sdk/design_1_wrapper_hw_platform_0/ps7_init.tcl' is done.
14:51:51 INFO  : Context for 'APU' is selected.
14:51:52 INFO  : Hardware design information is loaded from 'C:/Users/labview/project_99/project_99.sdk/design_1_wrapper_hw_platform_0/system.hdf'.
14:51:52 INFO  : 'configparams force-mem-access 1' command is executed.
14:51:52 INFO  : Context for 'APU' is selected.
14:51:52 INFO  : 'stop' command is executed.
14:51:52 INFO  : 'ps7_init' command is executed.
14:51:52 INFO  : 'ps7_post_config' command is executed.
14:51:52 INFO  : Context for processor 'ps7_cortexa9_0' is selected.
14:51:52 INFO  : Processor reset is completed for 'ps7_cortexa9_0'.
14:51:52 INFO  : Context for processor 'ps7_cortexa9_0' is selected.
14:51:52 INFO  : The application 'C:/Users/labview/project_99/project_99.sdk/intr/Debug/intr.elf' is downloaded to processor 'ps7_cortexa9_0'.
14:51:52 INFO  : 'configparams force-mem-access 0' command is executed.
14:51:52 INFO  : ----------------XSDB Script----------------
connect -url tcp:127.0.0.1:3121
source C:/Users/labview/project_99/project_99.sdk/design_1_wrapper_hw_platform_0/ps7_init.tcl
targets -set -nocase -filter {name =~"APU*" && jtag_cable_name =~ "Digilent Zybo 210279573393A"} -index 0
loadhw -hw C:/Users/labview/project_99/project_99.sdk/design_1_wrapper_hw_platform_0/system.hdf -mem-ranges [list {0x40000000 0xbfffffff}]
configparams force-mem-access 1
targets -set -nocase -filter {name =~"APU*" && jtag_cable_name =~ "Digilent Zybo 210279573393A"} -index 0
stop
ps7_init
ps7_post_config
targets -set -nocase -filter {name =~ "ARM*#0" && jtag_cable_name =~ "Digilent Zybo 210279573393A"} -index 0
rst -processor
targets -set -nocase -filter {name =~ "ARM*#0" && jtag_cable_name =~ "Digilent Zybo 210279573393A"} -index 0
dow C:/Users/labview/project_99/project_99.sdk/intr/Debug/intr.elf
configparams force-mem-access 0
----------------End of Script----------------

14:51:52 INFO  : Memory regions updated for context APU
14:51:53 INFO  : Context for processor 'ps7_cortexa9_0' is selected.
14:51:53 INFO  : 'con' command is executed.
14:51:53 INFO  : ----------------XSDB Script (After Launch)----------------
targets -set -nocase -filter {name =~ "ARM*#0" && jtag_cable_name =~ "Digilent Zybo 210279573393A"} -index 0
con
----------------End of Script----------------

14:51:53 INFO  : Launch script is exported to file 'C:\Users\labview\project_99\project_99.sdk\.sdk\launch_scripts\xilinx_c-c++_application_(system_debugger)\system_debugger_using_debug_intr.elf_on_local.tcl'
06:48:00 INFO  : Registering command handlers for SDK TCF services
06:48:02 INFO  : Launching XSCT server: xsct.bat -interactive C:\Users\labview\Desktop\SoC\Template_interrupt\Template_interrupt.sdk\temp_xsdb_launch_script.tcl
06:48:09 INFO  : XSCT server has started successfully.
06:48:10 INFO  : Successfully done setting XSCT server connection channel  
06:48:10 INFO  : Successfully done setting SDK workspace  
06:48:10 INFO  : Processing command line option -hwspec C:/Users/labview/Desktop/SoC/Template_interrupt/Template_interrupt.sdk/design_1_wrapper.hdf.
06:50:55 INFO  : Launching XSCT server: xsct.bat -interactive C:\Users\labview\Desktop\SoC\Template_interrupt\Template_interrupt.sdk\temp_xsdb_launch_script.tcl
06:50:57 INFO  : XSCT server has started successfully.
06:50:57 INFO  : Successfully done setting XSCT server connection channel  
06:51:00 INFO  : Successfully done setting SDK workspace  
06:51:01 INFO  : Registering command handlers for SDK TCF services
06:51:03 INFO  : Processing command line option -hwspec C:/Users/labview/Desktop/SoC/Template_interrupt/Template_interrupt.sdk/design_1_wrapper.hdf.
07:18:26 INFO  : Connected to target on host '127.0.0.1' and port '3121'.
07:18:29 INFO  : 'targets -set -filter {jtag_cable_name =~ "Digilent Zybo 210279573393A" && level==0} -index 1' command is executed.
07:18:30 INFO  : FPGA configured successfully with bitstream "C:/Users/labview/Desktop/SoC/Template_interrupt/Template_interrupt.sdk/design_1_wrapper_hw_platform_0/design_1_wrapper.bit"
07:18:50 INFO  : 'targets -set -filter {jtag_cable_name =~ "Digilent Zybo 210279573393A" && level==0} -index 1' command is executed.
07:18:50 INFO  : 'fpga -state' command is executed.
07:18:50 INFO  : Connected to target on host '127.0.0.1' and port '3121'.
07:18:50 INFO  : Jtag cable 'Digilent Zybo 210279573393A' is selected.
07:18:50 INFO  : 'jtag frequency' command is executed.
07:18:50 INFO  : Sourcing of 'C:/Users/labview/Desktop/SoC/Template_interrupt/Template_interrupt.sdk/design_1_wrapper_hw_platform_0/ps7_init.tcl' is done.
07:18:50 INFO  : Context for 'APU' is selected.
07:18:51 INFO  : Hardware design information is loaded from 'C:/Users/labview/Desktop/SoC/Template_interrupt/Template_interrupt.sdk/design_1_wrapper_hw_platform_0/system.hdf'.
07:18:51 INFO  : 'configparams force-mem-access 1' command is executed.
07:18:51 INFO  : Context for 'APU' is selected.
07:18:51 INFO  : 'stop' command is executed.
07:18:51 INFO  : 'ps7_init' command is executed.
07:18:51 INFO  : 'ps7_post_config' command is executed.
07:18:51 INFO  : Context for processor 'ps7_cortexa9_0' is selected.
07:18:51 INFO  : Processor reset is completed for 'ps7_cortexa9_0'.
07:18:51 INFO  : Context for processor 'ps7_cortexa9_0' is selected.
07:18:51 INFO  : The application 'C:/Users/labview/Desktop/SoC/Template_interrupt/Template_interrupt.sdk/top/Debug/top.elf' is downloaded to processor 'ps7_cortexa9_0'.
07:18:51 INFO  : 'configparams force-mem-access 0' command is executed.
07:18:51 INFO  : ----------------XSDB Script----------------
connect -url tcp:127.0.0.1:3121
source C:/Users/labview/Desktop/SoC/Template_interrupt/Template_interrupt.sdk/design_1_wrapper_hw_platform_0/ps7_init.tcl
targets -set -nocase -filter {name =~"APU*" && jtag_cable_name =~ "Digilent Zybo 210279573393A"} -index 0
loadhw -hw C:/Users/labview/Desktop/SoC/Template_interrupt/Template_interrupt.sdk/design_1_wrapper_hw_platform_0/system.hdf -mem-ranges [list {0x40000000 0xbfffffff}]
configparams force-mem-access 1
targets -set -nocase -filter {name =~"APU*" && jtag_cable_name =~ "Digilent Zybo 210279573393A"} -index 0
stop
ps7_init
ps7_post_config
targets -set -nocase -filter {name =~ "ARM*#0" && jtag_cable_name =~ "Digilent Zybo 210279573393A"} -index 0
rst -processor
targets -set -nocase -filter {name =~ "ARM*#0" && jtag_cable_name =~ "Digilent Zybo 210279573393A"} -index 0
dow C:/Users/labview/Desktop/SoC/Template_interrupt/Template_interrupt.sdk/top/Debug/top.elf
configparams force-mem-access 0
----------------End of Script----------------

07:18:51 INFO  : Memory regions updated for context APU
07:18:51 INFO  : Context for processor 'ps7_cortexa9_0' is selected.
07:18:51 INFO  : 'con' command is executed.
07:18:51 INFO  : ----------------XSDB Script (After Launch)----------------
targets -set -nocase -filter {name =~ "ARM*#0" && jtag_cable_name =~ "Digilent Zybo 210279573393A"} -index 0
con
----------------End of Script----------------

07:18:51 INFO  : Launch script is exported to file 'C:\Users\labview\Desktop\SoC\Template_interrupt\Template_interrupt.sdk\.sdk\launch_scripts\xilinx_c-c++_application_(system_debugger)\system_debugger_using_debug_top.elf_on_local.tcl'
07:19:08 INFO  : Disconnected from the channel tcfchan#1.
07:19:09 INFO  : 'targets -set -filter {jtag_cable_name =~ "Digilent Zybo 210279573393A" && level==0} -index 1' command is executed.
07:19:09 INFO  : 'fpga -state' command is executed.
07:19:09 INFO  : Connected to target on host '127.0.0.1' and port '3121'.
07:19:09 INFO  : Jtag cable 'Digilent Zybo 210279573393A' is selected.
07:19:09 INFO  : 'jtag frequency' command is executed.
07:19:09 INFO  : Sourcing of 'C:/Users/labview/Desktop/SoC/Template_interrupt/Template_interrupt.sdk/design_1_wrapper_hw_platform_0/ps7_init.tcl' is done.
07:19:09 INFO  : Context for 'APU' is selected.
07:19:11 INFO  : Hardware design information is loaded from 'C:/Users/labview/Desktop/SoC/Template_interrupt/Template_interrupt.sdk/design_1_wrapper_hw_platform_0/system.hdf'.
07:19:11 INFO  : 'configparams force-mem-access 1' command is executed.
07:19:11 INFO  : Context for 'APU' is selected.
07:19:11 INFO  : 'stop' command is executed.
07:19:11 INFO  : 'ps7_init' command is executed.
07:19:11 INFO  : 'ps7_post_config' command is executed.
07:19:11 INFO  : Context for processor 'ps7_cortexa9_0' is selected.
07:19:11 INFO  : Processor reset is completed for 'ps7_cortexa9_0'.
07:19:11 INFO  : Context for processor 'ps7_cortexa9_0' is selected.
07:19:11 INFO  : The application 'C:/Users/labview/Desktop/SoC/Template_interrupt/Template_interrupt.sdk/top/Debug/top.elf' is downloaded to processor 'ps7_cortexa9_0'.
07:19:11 INFO  : 'configparams force-mem-access 0' command is executed.
07:19:11 INFO  : ----------------XSDB Script----------------
connect -url tcp:127.0.0.1:3121
source C:/Users/labview/Desktop/SoC/Template_interrupt/Template_interrupt.sdk/design_1_wrapper_hw_platform_0/ps7_init.tcl
targets -set -nocase -filter {name =~"APU*" && jtag_cable_name =~ "Digilent Zybo 210279573393A"} -index 0
loadhw -hw C:/Users/labview/Desktop/SoC/Template_interrupt/Template_interrupt.sdk/design_1_wrapper_hw_platform_0/system.hdf -mem-ranges [list {0x40000000 0xbfffffff}]
configparams force-mem-access 1
targets -set -nocase -filter {name =~"APU*" && jtag_cable_name =~ "Digilent Zybo 210279573393A"} -index 0
stop
ps7_init
ps7_post_config
targets -set -nocase -filter {name =~ "ARM*#0" && jtag_cable_name =~ "Digilent Zybo 210279573393A"} -index 0
rst -processor
targets -set -nocase -filter {name =~ "ARM*#0" && jtag_cable_name =~ "Digilent Zybo 210279573393A"} -index 0
dow C:/Users/labview/Desktop/SoC/Template_interrupt/Template_interrupt.sdk/top/Debug/top.elf
configparams force-mem-access 0
----------------End of Script----------------

07:19:11 INFO  : Memory regions updated for context APU
07:19:12 INFO  : Context for processor 'ps7_cortexa9_0' is selected.
07:19:12 INFO  : 'con' command is executed.
07:19:12 INFO  : ----------------XSDB Script (After Launch)----------------
targets -set -nocase -filter {name =~ "ARM*#0" && jtag_cable_name =~ "Digilent Zybo 210279573393A"} -index 0
con
----------------End of Script----------------

07:19:12 INFO  : Launch script is exported to file 'C:\Users\labview\Desktop\SoC\Template_interrupt\Template_interrupt.sdk\.sdk\launch_scripts\xilinx_c-c++_application_(system_debugger)\system_debugger_using_debug_top.elf_on_local.tcl'
07:19:39 INFO  : Disconnected from the channel tcfchan#2.
07:19:40 INFO  : 'targets -set -filter {jtag_cable_name =~ "Digilent Zybo 210279573393A" && level==0} -index 1' command is executed.
07:19:40 INFO  : 'fpga -state' command is executed.
07:19:40 INFO  : Connected to target on host '127.0.0.1' and port '3121'.
07:19:40 INFO  : Jtag cable 'Digilent Zybo 210279573393A' is selected.
07:19:40 INFO  : 'jtag frequency' command is executed.
07:19:40 INFO  : Sourcing of 'C:/Users/labview/Desktop/SoC/Template_interrupt/Template_interrupt.sdk/design_1_wrapper_hw_platform_0/ps7_init.tcl' is done.
07:19:40 INFO  : Context for 'APU' is selected.
07:19:41 INFO  : Hardware design information is loaded from 'C:/Users/labview/Desktop/SoC/Template_interrupt/Template_interrupt.sdk/design_1_wrapper_hw_platform_0/system.hdf'.
07:19:41 INFO  : 'configparams force-mem-access 1' command is executed.
07:19:41 INFO  : Context for 'APU' is selected.
07:19:41 INFO  : 'stop' command is executed.
07:19:42 INFO  : 'ps7_init' command is executed.
07:19:42 INFO  : 'ps7_post_config' command is executed.
07:19:42 INFO  : Context for processor 'ps7_cortexa9_0' is selected.
07:19:42 INFO  : Processor reset is completed for 'ps7_cortexa9_0'.
07:19:42 INFO  : Context for processor 'ps7_cortexa9_0' is selected.
07:19:42 INFO  : The application 'C:/Users/labview/Desktop/SoC/Template_interrupt/Template_interrupt.sdk/top/Debug/top.elf' is downloaded to processor 'ps7_cortexa9_0'.
07:19:42 INFO  : 'configparams force-mem-access 0' command is executed.
07:19:42 INFO  : ----------------XSDB Script----------------
connect -url tcp:127.0.0.1:3121
source C:/Users/labview/Desktop/SoC/Template_interrupt/Template_interrupt.sdk/design_1_wrapper_hw_platform_0/ps7_init.tcl
targets -set -nocase -filter {name =~"APU*" && jtag_cable_name =~ "Digilent Zybo 210279573393A"} -index 0
loadhw -hw C:/Users/labview/Desktop/SoC/Template_interrupt/Template_interrupt.sdk/design_1_wrapper_hw_platform_0/system.hdf -mem-ranges [list {0x40000000 0xbfffffff}]
configparams force-mem-access 1
targets -set -nocase -filter {name =~"APU*" && jtag_cable_name =~ "Digilent Zybo 210279573393A"} -index 0
stop
ps7_init
ps7_post_config
targets -set -nocase -filter {name =~ "ARM*#0" && jtag_cable_name =~ "Digilent Zybo 210279573393A"} -index 0
rst -processor
targets -set -nocase -filter {name =~ "ARM*#0" && jtag_cable_name =~ "Digilent Zybo 210279573393A"} -index 0
dow C:/Users/labview/Desktop/SoC/Template_interrupt/Template_interrupt.sdk/top/Debug/top.elf
configparams force-mem-access 0
----------------End of Script----------------

07:19:42 INFO  : Memory regions updated for context APU
07:19:42 INFO  : Context for processor 'ps7_cortexa9_0' is selected.
07:19:42 INFO  : 'con' command is executed.
07:19:42 INFO  : ----------------XSDB Script (After Launch)----------------
targets -set -nocase -filter {name =~ "ARM*#0" && jtag_cable_name =~ "Digilent Zybo 210279573393A"} -index 0
con
----------------End of Script----------------

07:19:42 INFO  : Launch script is exported to file 'C:\Users\labview\Desktop\SoC\Template_interrupt\Template_interrupt.sdk\.sdk\launch_scripts\xilinx_c-c++_application_(system_debugger)\system_debugger_using_debug_top.elf_on_local.tcl'
07:20:41 INFO  : Disconnected from the channel tcfchan#3.
07:20:42 INFO  : 'targets -set -filter {jtag_cable_name =~ "Digilent Zybo 210279573393A" && level==0} -index 1' command is executed.
07:20:42 INFO  : 'fpga -state' command is executed.
07:20:42 INFO  : Connected to target on host '127.0.0.1' and port '3121'.
07:20:43 INFO  : Jtag cable 'Digilent Zybo 210279573393A' is selected.
07:20:43 INFO  : 'jtag frequency' command is executed.
07:20:43 INFO  : Sourcing of 'C:/Users/labview/Desktop/SoC/Template_interrupt/Template_interrupt.sdk/design_1_wrapper_hw_platform_0/ps7_init.tcl' is done.
07:20:43 INFO  : Context for 'APU' is selected.
07:20:44 INFO  : Hardware design information is loaded from 'C:/Users/labview/Desktop/SoC/Template_interrupt/Template_interrupt.sdk/design_1_wrapper_hw_platform_0/system.hdf'.
07:20:44 INFO  : 'configparams force-mem-access 1' command is executed.
07:20:44 INFO  : Context for 'APU' is selected.
07:20:44 INFO  : 'stop' command is executed.
07:20:44 INFO  : 'ps7_init' command is executed.
07:20:44 INFO  : 'ps7_post_config' command is executed.
07:20:44 INFO  : Context for processor 'ps7_cortexa9_0' is selected.
07:20:44 INFO  : Processor reset is completed for 'ps7_cortexa9_0'.
07:20:44 INFO  : Context for processor 'ps7_cortexa9_0' is selected.
07:20:44 INFO  : The application 'C:/Users/labview/Desktop/SoC/Template_interrupt/Template_interrupt.sdk/top/Debug/top.elf' is downloaded to processor 'ps7_cortexa9_0'.
07:20:44 INFO  : 'configparams force-mem-access 0' command is executed.
07:20:44 INFO  : ----------------XSDB Script----------------
connect -url tcp:127.0.0.1:3121
source C:/Users/labview/Desktop/SoC/Template_interrupt/Template_interrupt.sdk/design_1_wrapper_hw_platform_0/ps7_init.tcl
targets -set -nocase -filter {name =~"APU*" && jtag_cable_name =~ "Digilent Zybo 210279573393A"} -index 0
loadhw -hw C:/Users/labview/Desktop/SoC/Template_interrupt/Template_interrupt.sdk/design_1_wrapper_hw_platform_0/system.hdf -mem-ranges [list {0x40000000 0xbfffffff}]
configparams force-mem-access 1
targets -set -nocase -filter {name =~"APU*" && jtag_cable_name =~ "Digilent Zybo 210279573393A"} -index 0
stop
ps7_init
ps7_post_config
targets -set -nocase -filter {name =~ "ARM*#0" && jtag_cable_name =~ "Digilent Zybo 210279573393A"} -index 0
rst -processor
targets -set -nocase -filter {name =~ "ARM*#0" && jtag_cable_name =~ "Digilent Zybo 210279573393A"} -index 0
dow C:/Users/labview/Desktop/SoC/Template_interrupt/Template_interrupt.sdk/top/Debug/top.elf
configparams force-mem-access 0
----------------End of Script----------------

07:20:44 INFO  : Memory regions updated for context APU
07:20:44 INFO  : Context for processor 'ps7_cortexa9_0' is selected.
07:20:45 INFO  : 'con' command is executed.
07:20:45 INFO  : ----------------XSDB Script (After Launch)----------------
targets -set -nocase -filter {name =~ "ARM*#0" && jtag_cable_name =~ "Digilent Zybo 210279573393A"} -index 0
con
----------------End of Script----------------

07:20:45 INFO  : Launch script is exported to file 'C:\Users\labview\Desktop\SoC\Template_interrupt\Template_interrupt.sdk\.sdk\launch_scripts\xilinx_c-c++_application_(system_debugger)\system_debugger_using_debug_top.elf_on_local.tcl'
07:21:01 INFO  : Disconnected from the channel tcfchan#4.
07:21:02 INFO  : 'targets -set -filter {jtag_cable_name =~ "Digilent Zybo 210279573393A" && level==0} -index 1' command is executed.
07:21:02 INFO  : 'fpga -state' command is executed.
07:21:02 INFO  : Connected to target on host '127.0.0.1' and port '3121'.
07:21:02 INFO  : Jtag cable 'Digilent Zybo 210279573393A' is selected.
07:21:02 INFO  : 'jtag frequency' command is executed.
07:21:02 INFO  : Sourcing of 'C:/Users/labview/Desktop/SoC/Template_interrupt/Template_interrupt.sdk/design_1_wrapper_hw_platform_0/ps7_init.tcl' is done.
07:21:02 INFO  : Context for 'APU' is selected.
07:21:03 INFO  : Hardware design information is loaded from 'C:/Users/labview/Desktop/SoC/Template_interrupt/Template_interrupt.sdk/design_1_wrapper_hw_platform_0/system.hdf'.
07:21:03 INFO  : 'configparams force-mem-access 1' command is executed.
07:21:03 INFO  : Context for 'APU' is selected.
07:21:03 INFO  : 'stop' command is executed.
07:21:03 INFO  : 'ps7_init' command is executed.
07:21:03 INFO  : 'ps7_post_config' command is executed.
07:21:03 INFO  : Context for processor 'ps7_cortexa9_0' is selected.
07:21:03 INFO  : Processor reset is completed for 'ps7_cortexa9_0'.
07:21:03 INFO  : Context for processor 'ps7_cortexa9_0' is selected.
07:21:03 INFO  : The application 'C:/Users/labview/Desktop/SoC/Template_interrupt/Template_interrupt.sdk/top/Debug/top.elf' is downloaded to processor 'ps7_cortexa9_0'.
07:21:03 INFO  : 'configparams force-mem-access 0' command is executed.
07:21:03 INFO  : ----------------XSDB Script----------------
connect -url tcp:127.0.0.1:3121
source C:/Users/labview/Desktop/SoC/Template_interrupt/Template_interrupt.sdk/design_1_wrapper_hw_platform_0/ps7_init.tcl
targets -set -nocase -filter {name =~"APU*" && jtag_cable_name =~ "Digilent Zybo 210279573393A"} -index 0
loadhw -hw C:/Users/labview/Desktop/SoC/Template_interrupt/Template_interrupt.sdk/design_1_wrapper_hw_platform_0/system.hdf -mem-ranges [list {0x40000000 0xbfffffff}]
configparams force-mem-access 1
targets -set -nocase -filter {name =~"APU*" && jtag_cable_name =~ "Digilent Zybo 210279573393A"} -index 0
stop
ps7_init
ps7_post_config
targets -set -nocase -filter {name =~ "ARM*#0" && jtag_cable_name =~ "Digilent Zybo 210279573393A"} -index 0
rst -processor
targets -set -nocase -filter {name =~ "ARM*#0" && jtag_cable_name =~ "Digilent Zybo 210279573393A"} -index 0
dow C:/Users/labview/Desktop/SoC/Template_interrupt/Template_interrupt.sdk/top/Debug/top.elf
configparams force-mem-access 0
----------------End of Script----------------

07:21:03 INFO  : Memory regions updated for context APU
07:21:04 INFO  : Context for processor 'ps7_cortexa9_0' is selected.
07:21:04 INFO  : 'con' command is executed.
07:21:04 INFO  : ----------------XSDB Script (After Launch)----------------
targets -set -nocase -filter {name =~ "ARM*#0" && jtag_cable_name =~ "Digilent Zybo 210279573393A"} -index 0
con
----------------End of Script----------------

07:21:04 INFO  : Launch script is exported to file 'C:\Users\labview\Desktop\SoC\Template_interrupt\Template_interrupt.sdk\.sdk\launch_scripts\xilinx_c-c++_application_(system_debugger)\system_debugger_using_debug_top.elf_on_local.tcl'
07:22:07 INFO  : Connected to target on host '127.0.0.1' and port '3121'.
07:22:07 INFO  : 'targets -set -filter {jtag_cable_name =~ "Digilent Zybo 210279573393A" && level==0} -index 1' command is executed.
07:22:08 INFO  : FPGA configured successfully with bitstream "C:/Users/labview/Desktop/SoC/Template_interrupt/Template_interrupt.sdk/design_1_wrapper_hw_platform_0/design_1_wrapper.bit"
07:22:27 INFO  : 'targets -set -filter {jtag_cable_name =~ "Digilent Zybo 210279573393A" && level==0} -index 1' command is executed.
07:22:27 INFO  : 'fpga -state' command is executed.
07:22:27 INFO  : Connected to target on host '127.0.0.1' and port '3121'.
07:22:27 INFO  : Jtag cable 'Digilent Zybo 210279573393A' is selected.
07:22:27 INFO  : 'jtag frequency' command is executed.
07:22:27 INFO  : Sourcing of 'C:/Users/labview/Desktop/SoC/Template_interrupt/Template_interrupt.sdk/design_1_wrapper_hw_platform_0/ps7_init.tcl' is done.
07:22:27 INFO  : Context for 'APU' is selected.
07:22:27 INFO  : Hardware design information is loaded from 'C:/Users/labview/Desktop/SoC/Template_interrupt/Template_interrupt.sdk/design_1_wrapper_hw_platform_0/system.hdf'.
07:22:27 INFO  : 'configparams force-mem-access 1' command is executed.
07:22:27 INFO  : Context for 'APU' is selected.
07:22:27 INFO  : 'stop' command is executed.
07:22:27 INFO  : 'ps7_init' command is executed.
07:22:27 INFO  : 'ps7_post_config' command is executed.
07:22:27 INFO  : Context for processor 'ps7_cortexa9_0' is selected.
07:22:28 INFO  : Processor reset is completed for 'ps7_cortexa9_0'.
07:22:28 INFO  : Context for processor 'ps7_cortexa9_0' is selected.
07:22:28 INFO  : The application 'C:/Users/labview/Desktop/SoC/Template_interrupt/Template_interrupt.sdk/intr/Debug/intr.elf' is downloaded to processor 'ps7_cortexa9_0'.
07:22:28 INFO  : 'configparams force-mem-access 0' command is executed.
07:22:28 INFO  : ----------------XSDB Script----------------
connect -url tcp:127.0.0.1:3121
source C:/Users/labview/Desktop/SoC/Template_interrupt/Template_interrupt.sdk/design_1_wrapper_hw_platform_0/ps7_init.tcl
targets -set -nocase -filter {name =~"APU*" && jtag_cable_name =~ "Digilent Zybo 210279573393A"} -index 0
loadhw -hw C:/Users/labview/Desktop/SoC/Template_interrupt/Template_interrupt.sdk/design_1_wrapper_hw_platform_0/system.hdf -mem-ranges [list {0x40000000 0xbfffffff}]
configparams force-mem-access 1
targets -set -nocase -filter {name =~"APU*" && jtag_cable_name =~ "Digilent Zybo 210279573393A"} -index 0
stop
ps7_init
ps7_post_config
targets -set -nocase -filter {name =~ "ARM*#0" && jtag_cable_name =~ "Digilent Zybo 210279573393A"} -index 0
rst -processor
targets -set -nocase -filter {name =~ "ARM*#0" && jtag_cable_name =~ "Digilent Zybo 210279573393A"} -index 0
dow C:/Users/labview/Desktop/SoC/Template_interrupt/Template_interrupt.sdk/intr/Debug/intr.elf
configparams force-mem-access 0
----------------End of Script----------------

07:22:28 INFO  : Memory regions updated for context APU
07:22:28 INFO  : Context for processor 'ps7_cortexa9_0' is selected.
07:22:28 INFO  : 'con' command is executed.
07:22:28 INFO  : ----------------XSDB Script (After Launch)----------------
targets -set -nocase -filter {name =~ "ARM*#0" && jtag_cable_name =~ "Digilent Zybo 210279573393A"} -index 0
con
----------------End of Script----------------

07:22:28 INFO  : Launch script is exported to file 'C:\Users\labview\Desktop\SoC\Template_interrupt\Template_interrupt.sdk\.sdk\launch_scripts\xilinx_c-c++_application_(system_debugger)\system_debugger_using_debug_intr.elf_on_local.tcl'
07:23:17 INFO  : Connected to target on host '127.0.0.1' and port '3121'.
07:23:17 INFO  : 'targets -set -filter {jtag_cable_name =~ "Digilent Zybo 210279573393A" && level==0} -index 1' command is executed.
07:23:18 INFO  : FPGA configured successfully with bitstream "C:/Users/labview/Desktop/SoC/Template_interrupt/Template_interrupt.sdk/design_1_wrapper_hw_platform_0/design_1_wrapper.bit"
07:23:38 INFO  : Disconnected from the channel tcfchan#5.
07:23:39 INFO  : 'targets -set -filter {jtag_cable_name =~ "Digilent Zybo 210279573393A" && level==0} -index 1' command is executed.
07:23:39 INFO  : 'fpga -state' command is executed.
07:23:39 INFO  : Connected to target on host '127.0.0.1' and port '3121'.
07:23:39 INFO  : Jtag cable 'Digilent Zybo 210279573393A' is selected.
07:23:39 INFO  : 'jtag frequency' command is executed.
07:23:39 INFO  : Sourcing of 'C:/Users/labview/Desktop/SoC/Template_interrupt/Template_interrupt.sdk/design_1_wrapper_hw_platform_0/ps7_init.tcl' is done.
07:23:39 INFO  : Context for 'APU' is selected.
07:23:41 INFO  : Hardware design information is loaded from 'C:/Users/labview/Desktop/SoC/Template_interrupt/Template_interrupt.sdk/design_1_wrapper_hw_platform_0/system.hdf'.
07:23:41 INFO  : 'configparams force-mem-access 1' command is executed.
07:23:41 INFO  : Context for 'APU' is selected.
07:23:41 INFO  : 'stop' command is executed.
07:23:42 INFO  : 'ps7_init' command is executed.
07:23:42 INFO  : 'ps7_post_config' command is executed.
07:23:42 INFO  : Context for processor 'ps7_cortexa9_0' is selected.
07:23:42 INFO  : Processor reset is completed for 'ps7_cortexa9_0'.
07:23:42 INFO  : Context for processor 'ps7_cortexa9_0' is selected.
07:23:42 INFO  : The application 'C:/Users/labview/Desktop/SoC/Template_interrupt/Template_interrupt.sdk/intr/Debug/intr.elf' is downloaded to processor 'ps7_cortexa9_0'.
07:23:42 INFO  : 'configparams force-mem-access 0' command is executed.
07:23:42 INFO  : ----------------XSDB Script----------------
connect -url tcp:127.0.0.1:3121
source C:/Users/labview/Desktop/SoC/Template_interrupt/Template_interrupt.sdk/design_1_wrapper_hw_platform_0/ps7_init.tcl
targets -set -nocase -filter {name =~"APU*" && jtag_cable_name =~ "Digilent Zybo 210279573393A"} -index 0
loadhw -hw C:/Users/labview/Desktop/SoC/Template_interrupt/Template_interrupt.sdk/design_1_wrapper_hw_platform_0/system.hdf -mem-ranges [list {0x40000000 0xbfffffff}]
configparams force-mem-access 1
targets -set -nocase -filter {name =~"APU*" && jtag_cable_name =~ "Digilent Zybo 210279573393A"} -index 0
stop
ps7_init
ps7_post_config
targets -set -nocase -filter {name =~ "ARM*#0" && jtag_cable_name =~ "Digilent Zybo 210279573393A"} -index 0
rst -processor
targets -set -nocase -filter {name =~ "ARM*#0" && jtag_cable_name =~ "Digilent Zybo 210279573393A"} -index 0
dow C:/Users/labview/Desktop/SoC/Template_interrupt/Template_interrupt.sdk/intr/Debug/intr.elf
configparams force-mem-access 0
----------------End of Script----------------

07:23:42 INFO  : Memory regions updated for context APU
07:23:42 INFO  : Context for processor 'ps7_cortexa9_0' is selected.
07:23:42 INFO  : 'con' command is executed.
07:23:42 INFO  : ----------------XSDB Script (After Launch)----------------
targets -set -nocase -filter {name =~ "ARM*#0" && jtag_cable_name =~ "Digilent Zybo 210279573393A"} -index 0
con
----------------End of Script----------------

07:23:42 INFO  : Launch script is exported to file 'C:\Users\labview\Desktop\SoC\Template_interrupt\Template_interrupt.sdk\.sdk\launch_scripts\xilinx_c-c++_application_(system_debugger)\system_debugger_using_debug_intr.elf_on_local.tcl'
07:28:39 WARN  : channel "tcfchan#5" closed
07:28:39 INFO  : Disconnected from the channel tcfchan#6.
