Copyright 1986-2017 Xilinx, Inc. All Rights Reserved.
------------------------------------------------------------------------------------
| Tool Version : Vivado v.2017.4 (win64) Build 2086221 Fri Dec 15 20:55:39 MST 2017
| Date         : Wed Dec 30 16:28:58 2020
| Host         : DESKTOP-7PABT0M running 64-bit major release  (build 9200)
| Command      : upgrade_ip
| Device       : xc7z010clg400-1
------------------------------------------------------------------------------------

Upgrade Log for IP 'design_1_axis_SM_0_0'

1. Summary
----------

SUCCESS in the upgrade of design_1_axis_SM_0_0 (xilinx.com:user:axis_SM:1.0) from (Rev. 4) to (Rev. 5)






Copyright 1986-2017 Xilinx, Inc. All Rights Reserved.
------------------------------------------------------------------------------------
| Tool Version : Vivado v.2017.4 (win64) Build 2086221 Fri Dec 15 20:55:39 MST 2017
| Date         : Wed Dec 30 16:17:10 2020
| Host         : DESKTOP-7PABT0M running 64-bit major release  (build 9200)
| Command      : upgrade_ip
| Device       : xc7z010clg400-1
------------------------------------------------------------------------------------

Upgrade Log for IP 'design_1_axis_SM_0_0'

1. Summary
----------

SUCCESS in the upgrade of design_1_axis_SM_0_0 (xilinx.com:user:axis_SM:1.0) from (Rev. 3) to (Rev. 4)






Copyright 1986-2017 Xilinx, Inc. All Rights Reserved.
------------------------------------------------------------------------------------
| Tool Version : Vivado v.2017.4 (win64) Build 2086221 Fri Dec 15 20:55:39 MST 2017
| Date         : Wed Dec 30 15:25:19 2020
| Host         : DESKTOP-7PABT0M running 64-bit major release  (build 9200)
| Command      : upgrade_ip
| Device       : xc7z010clg400-1
------------------------------------------------------------------------------------

Upgrade Log for IP 'design_1_axis_SM_0_0'

1. Summary
----------

CAUTION (success, with warnings) in the upgrade of design_1_axis_SM_0_0 (xilinx.com:user:axis_SM:1.0) from (Rev. 1) to (Rev. 3)

After upgrade, an IP may have parameter and port differences compared to the original customization. Please review the parameters within the IP customization GUI to ensure proper functionality. Also, please review the updated IP instantiation template to ensure proper connectivity, and update your design if required.

2. Connection Warnings
----------------------

Detected external port differences while upgrading 'design_1_axis_SM_0_0'. These changes may impact your design.


-Upgrade has removed port 'm00_axis_tlast'

-Upgrade has removed port 's00_axis_tlast'


