#-----------------------------------------------------------
# Vivado v2017.4 (64-bit)
# SW Build 2086221 on Fri Dec 15 20:55:39 MST 2017
# IP Build 2085800 on Fri Dec 15 22:25:07 MST 2017
# Start of session at: Fri Jan  1 21:57:52 2021
# Process ID: 3176
# Current directory: C:/Users/labview/axis_slvMas
# Command line: vivado.exe -gui_launcher_event rodinguilauncherevent1636 C:\Users\labview\axis_slvMas\axis_slvMas.xpr
# Log file: C:/Users/labview/axis_slvMas/vivado.log
# Journal file: C:/Users/labview/axis_slvMas\vivado.jou
#-----------------------------------------------------------
start_gui
open_project C:/Users/labview/axis_slvMas/axis_slvMas.xpr
Scanning sources...
Finished scanning sources
INFO: [IP_Flow 19-234] Refreshing IP repositories
INFO: [IP_Flow 19-1700] Loaded user IP repository 'c:/Users/labview/ip_repo/axis_SM_1.0'.
INFO: [IP_Flow 19-2313] Loaded Vivado IP repository 'C:/Xilinx/Vivado/2017.4/data/ip'.
open_project: Time (s): cpu = 00:00:18 ; elapsed = 00:00:17 . Memory (MB): peak = 900.680 ; gain = 214.773
update_compile_order -fileset sources_1
open_bd_design {C:/Users/labview/axis_slvMas/axis_slvMas.srcs/sources_1/bd/design_1/design_1.bd}
Adding cell -- xilinx.com:ip:processing_system7:5.5 - processing_system7_0
Adding cell -- xilinx.com:ip:axi_dma:7.1 - axi_dma_0
Adding cell -- xilinx.com:ip:proc_sys_reset:5.0 - rst_ps7_0_100M
Adding cell -- xilinx.com:ip:smartconnect:1.0 - axi_smc
Adding cell -- xilinx.com:user:axis_SM:1.0 - axis_SM_0
Adding cell -- xilinx.com:ip:axi_protocol_converter:2.1 - auto_pc
Successfully read diagram <design_1> from BD file <C:/Users/labview/axis_slvMas/axis_slvMas.srcs/sources_1/bd/design_1/design_1.bd>
open_bd_design: Time (s): cpu = 00:00:09 ; elapsed = 00:00:07 . Memory (MB): peak = 992.531 ; gain = 87.363
exit
INFO: [Common 17-206] Exiting Vivado at Fri Jan  1 21:59:10 2021...
