21:36:40 INFO  : Registering command handlers for SDK TCF services
21:36:42 INFO  : Launching XSCT server: xsct.bat -interactive C:\Users\labview\axis_slave\axis_slave.sdk\temp_xsdb_launch_script.tcl
21:36:51 INFO  : XSCT server has started successfully.
21:36:52 INFO  : Successfully done setting XSCT server connection channel  
21:36:52 INFO  : Successfully done setting SDK workspace  
21:36:52 INFO  : Processing command line option -hwspec C:/Users/labview/axis_slave/axis_slave.sdk/design_1_wrapper.hdf.
21:40:56 INFO  : Connected to target on host '127.0.0.1' and port '3121'.
21:40:58 INFO  : 'targets -set -filter {jtag_cable_name =~ "Digilent Zybo 210279573393A" && level==0} -index 1' command is executed.
21:40:59 INFO  : FPGA configured successfully with bitstream "C:/Users/labview/axis_slave/axis_slave.sdk/design_1_wrapper_hw_platform_0/design_1_wrapper.bit"
21:41:13 INFO  : 'targets -set -filter {jtag_cable_name =~ "Digilent Zybo 210279573393A" && level==0} -index 1' command is executed.
21:41:13 INFO  : 'fpga -state' command is executed.
21:41:13 INFO  : Connected to target on host '127.0.0.1' and port '3121'.
21:41:14 INFO  : Jtag cable 'Digilent Zybo 210279573393A' is selected.
21:41:14 INFO  : 'jtag frequency' command is executed.
21:41:14 INFO  : Sourcing of 'C:/Users/labview/axis_slave/axis_slave.sdk/design_1_wrapper_hw_platform_0/ps7_init.tcl' is done.
21:41:14 INFO  : Context for 'APU' is selected.
21:41:14 INFO  : Hardware design information is loaded from 'C:/Users/labview/axis_slave/axis_slave.sdk/design_1_wrapper_hw_platform_0/system.hdf'.
21:41:14 INFO  : 'configparams force-mem-access 1' command is executed.
21:41:14 INFO  : Context for 'APU' is selected.
21:41:14 INFO  : 'stop' command is executed.
21:41:14 INFO  : 'ps7_init' command is executed.
21:41:14 INFO  : 'ps7_post_config' command is executed.
21:41:14 INFO  : Context for processor 'ps7_cortexa9_0' is selected.
21:41:14 INFO  : Processor reset is completed for 'ps7_cortexa9_0'.
21:41:14 INFO  : Context for processor 'ps7_cortexa9_0' is selected.
21:41:14 INFO  : The application 'C:/Users/labview/axis_slave/axis_slave.sdk/top/Debug/top.elf' is downloaded to processor 'ps7_cortexa9_0'.
21:41:14 INFO  : 'configparams force-mem-access 0' command is executed.
21:41:14 INFO  : ----------------XSDB Script----------------
connect -url tcp:127.0.0.1:3121
source C:/Users/labview/axis_slave/axis_slave.sdk/design_1_wrapper_hw_platform_0/ps7_init.tcl
targets -set -nocase -filter {name =~"APU*" && jtag_cable_name =~ "Digilent Zybo 210279573393A"} -index 0
loadhw -hw C:/Users/labview/axis_slave/axis_slave.sdk/design_1_wrapper_hw_platform_0/system.hdf -mem-ranges [list {0x40000000 0xbfffffff}]
configparams force-mem-access 1
targets -set -nocase -filter {name =~"APU*" && jtag_cable_name =~ "Digilent Zybo 210279573393A"} -index 0
stop
ps7_init
ps7_post_config
targets -set -nocase -filter {name =~ "ARM*#0" && jtag_cable_name =~ "Digilent Zybo 210279573393A"} -index 0
rst -processor
targets -set -nocase -filter {name =~ "ARM*#0" && jtag_cable_name =~ "Digilent Zybo 210279573393A"} -index 0
dow C:/Users/labview/axis_slave/axis_slave.sdk/top/Debug/top.elf
configparams force-mem-access 0
----------------End of Script----------------

21:41:14 INFO  : Memory regions updated for context APU
21:41:14 INFO  : Context for processor 'ps7_cortexa9_0' is selected.
21:41:14 INFO  : 'con' command is executed.
21:41:14 INFO  : ----------------XSDB Script (After Launch)----------------
targets -set -nocase -filter {name =~ "ARM*#0" && jtag_cable_name =~ "Digilent Zybo 210279573393A"} -index 0
con
----------------End of Script----------------

21:41:14 INFO  : Launch script is exported to file 'C:\Users\labview\axis_slave\axis_slave.sdk\.sdk\launch_scripts\xilinx_c-c++_application_(system_debugger)\system_debugger_using_debug_top.elf_on_local.tcl'
21:51:45 INFO  : Disconnected from the channel tcfchan#1.
