
*** Running vivado
    with args -log design_1_axis_SM_0_0.vds -m64 -product Vivado -mode batch -messageDb vivado.pb -notrace -source design_1_axis_SM_0_0.tcl


****** Vivado v2017.4 (64-bit)
  **** SW Build 2086221 on Fri Dec 15 20:55:39 MST 2017
  **** IP Build 2085800 on Fri Dec 15 22:25:07 MST 2017
    ** Copyright 1986-2017 Xilinx, Inc. All Rights Reserved.

source design_1_axis_SM_0_0.tcl -notrace
Command: synth_design -top design_1_axis_SM_0_0 -part xc7z010clg400-1 -mode out_of_context
Starting synth_design
Attempting to get a license for feature 'Synthesis' and/or device 'xc7z010'
INFO: [Common 17-349] Got license for feature 'Synthesis' and/or device 'xc7z010'
INFO: Launching helper process for spawning children vivado processes
INFO: Helper process launched with PID 7200 
WARNING: [Synth 8-2507] parameter declaration becomes local in axis_SM_v1_0_S00_AXIS with formal parameter declaration list [c:/Users/labview/axis_slvMas/axis_slvMas.srcs/sources_1/bd/design_1/ipshared/a529/hdl/axis_SM_v1_0_S00_AXIS.v:53]
WARNING: [Synth 8-2507] parameter declaration becomes local in axis_SM_v1_0_M00_AXIS with formal parameter declaration list [c:/Users/labview/axis_slvMas/axis_slvMas.srcs/sources_1/bd/design_1/ipshared/a529/hdl/axis_SM_v1_0_M00_AXIS.v:63]
---------------------------------------------------------------------------------
Starting RTL Elaboration : Time (s): cpu = 00:00:05 ; elapsed = 00:00:07 . Memory (MB): peak = 432.863 ; gain = 112.027
---------------------------------------------------------------------------------
INFO: [Synth 8-638] synthesizing module 'design_1_axis_SM_0_0' [c:/Users/labview/axis_slvMas/axis_slvMas.srcs/sources_1/bd/design_1/ip/design_1_axis_SM_0_0/synth/design_1_axis_SM_0_0.v:57]
INFO: [Synth 8-638] synthesizing module 'axis_SM_v1_0' [c:/Users/labview/axis_slvMas/axis_slvMas.srcs/sources_1/bd/design_1/ipshared/a529/hdl/axis_SM_v1_0.v:4]
	Parameter C_S00_AXIS_TDATA_WIDTH bound to: 32 - type: integer 
	Parameter C_M00_AXIS_TDATA_WIDTH bound to: 32 - type: integer 
	Parameter C_M00_AXIS_START_COUNT bound to: 32 - type: integer 
WARNING: [Synth 8-6014] Unused sequential element data_reg was removed.  [c:/Users/labview/axis_slvMas/axis_slvMas.srcs/sources_1/bd/design_1/ipshared/a529/hdl/axis_SM_v1_0.v:49]
INFO: [Synth 8-256] done synthesizing module 'axis_SM_v1_0' (1#1) [c:/Users/labview/axis_slvMas/axis_slvMas.srcs/sources_1/bd/design_1/ipshared/a529/hdl/axis_SM_v1_0.v:4]
INFO: [Synth 8-256] done synthesizing module 'design_1_axis_SM_0_0' (2#1) [c:/Users/labview/axis_slvMas/axis_slvMas.srcs/sources_1/bd/design_1/ip/design_1_axis_SM_0_0/synth/design_1_axis_SM_0_0.v:57]
WARNING: [Synth 8-3331] design axis_SM_v1_0 has unconnected port s00_axis_tstrb[3]
WARNING: [Synth 8-3331] design axis_SM_v1_0 has unconnected port s00_axis_tstrb[2]
WARNING: [Synth 8-3331] design axis_SM_v1_0 has unconnected port s00_axis_tstrb[1]
WARNING: [Synth 8-3331] design axis_SM_v1_0 has unconnected port s00_axis_tstrb[0]
WARNING: [Synth 8-3331] design axis_SM_v1_0 has unconnected port m00_axis_aclk
WARNING: [Synth 8-3331] design axis_SM_v1_0 has unconnected port m00_axis_aresetn
---------------------------------------------------------------------------------
Finished RTL Elaboration : Time (s): cpu = 00:00:06 ; elapsed = 00:00:08 . Memory (MB): peak = 463.949 ; gain = 143.113
---------------------------------------------------------------------------------

Report Check Netlist: 
+------+------------------+-------+---------+-------+------------------+
|      |Item              |Errors |Warnings |Status |Description       |
+------+------------------+-------+---------+-------+------------------+
|1     |multi_driven_nets |      0|        0|Passed |Multi driven nets |
+------+------------------+-------+---------+-------+------------------+
---------------------------------------------------------------------------------
Finished RTL Optimization Phase 1 : Time (s): cpu = 00:00:06 ; elapsed = 00:00:08 . Memory (MB): peak = 463.949 ; gain = 143.113
---------------------------------------------------------------------------------
INFO: [Device 21-403] Loading part xc7z010clg400-1
INFO: [Project 1-570] Preparing netlist for logic optimization

Processing XDC Constraints
Initializing timing engine
Completed Processing XDC Constraints

INFO: [Project 1-111] Unisim Transformation Summary:
No Unisim elements were transformed.

Constraint Validation Runtime : Time (s): cpu = 00:00:00 ; elapsed = 00:00:00.079 . Memory (MB): peak = 787.613 ; gain = 0.016
---------------------------------------------------------------------------------
Finished Constraint Validation : Time (s): cpu = 00:00:16 ; elapsed = 00:00:23 . Memory (MB): peak = 787.613 ; gain = 466.777
---------------------------------------------------------------------------------
---------------------------------------------------------------------------------
Start Loading Part and Timing Information
---------------------------------------------------------------------------------
Loading part: xc7z010clg400-1
---------------------------------------------------------------------------------
Finished Loading Part and Timing Information : Time (s): cpu = 00:00:16 ; elapsed = 00:00:23 . Memory (MB): peak = 787.613 ; gain = 466.777
---------------------------------------------------------------------------------
---------------------------------------------------------------------------------
Start Applying 'set_property' XDC Constraints
---------------------------------------------------------------------------------
---------------------------------------------------------------------------------
Finished applying 'set_property' XDC Constraints : Time (s): cpu = 00:00:16 ; elapsed = 00:00:23 . Memory (MB): peak = 787.613 ; gain = 466.777
---------------------------------------------------------------------------------
---------------------------------------------------------------------------------
Finished RTL Optimization Phase 2 : Time (s): cpu = 00:00:16 ; elapsed = 00:00:23 . Memory (MB): peak = 787.613 ; gain = 466.777
---------------------------------------------------------------------------------

Report RTL Partitions: 
+-+--------------+------------+----------+
| |RTL Partition |Replication |Instances |
+-+--------------+------------+----------+
+-+--------------+------------+----------+
---------------------------------------------------------------------------------
Start RTL Component Statistics 
---------------------------------------------------------------------------------
Detailed RTL Component Info : 
+---Registers : 
	               32 Bit    Registers := 1     
	                4 Bit    Registers := 1     
+---Multipliers : 
	                32x32  Multipliers := 1     
---------------------------------------------------------------------------------
Finished RTL Component Statistics 
---------------------------------------------------------------------------------
---------------------------------------------------------------------------------
Start RTL Hierarchical Component Statistics 
---------------------------------------------------------------------------------
Hierarchical RTL Component report 
Module axis_SM_v1_0 
Detailed RTL Component Info : 
+---Registers : 
	               32 Bit    Registers := 1     
	                4 Bit    Registers := 1     
+---Multipliers : 
	                32x32  Multipliers := 1     
---------------------------------------------------------------------------------
Finished RTL Hierarchical Component Statistics
---------------------------------------------------------------------------------
---------------------------------------------------------------------------------
Start Part Resource Summary
---------------------------------------------------------------------------------
Part Resources:
DSPs: 80 (col length:40)
BRAMs: 120 (col length: RAMB18 40 RAMB36 20)
---------------------------------------------------------------------------------
Finished Part Resource Summary
---------------------------------------------------------------------------------
---------------------------------------------------------------------------------
Start Cross Boundary and Area Optimization
---------------------------------------------------------------------------------
INFO: [Synth 8-5845] Not enough pipeline registers after wide multiplier. Recommended levels of pipeline registers is 4 [c:/Users/labview/axis_slvMas/axis_slvMas.srcs/sources_1/bd/design_1/ipshared/a529/hdl/axis_SM_v1_0.v:53]
WARNING: [Synth 8-6014] Unused sequential element inst/m00_axis_tdata_reg was removed.  [c:/Users/labview/axis_slvMas/axis_slvMas.srcs/sources_1/bd/design_1/ipshared/a529/hdl/axis_SM_v1_0.v:53]
DSP Report: Generating DSP inst/m00_axis_tdata0, operation Mode is: A*B.
DSP Report: operator inst/m00_axis_tdata0 is absorbed into DSP inst/m00_axis_tdata0.
DSP Report: operator inst/m00_axis_tdata0 is absorbed into DSP inst/m00_axis_tdata0.
DSP Report: Generating DSP inst/m00_axis_tdata_reg, operation Mode is: (PCIN>>17)+A*B.
DSP Report: register inst/m00_axis_tdata_reg is absorbed into DSP inst/m00_axis_tdata_reg.
DSP Report: operator inst/m00_axis_tdata0 is absorbed into DSP inst/m00_axis_tdata_reg.
DSP Report: operator inst/m00_axis_tdata0 is absorbed into DSP inst/m00_axis_tdata_reg.
DSP Report: Generating DSP inst/m00_axis_tdata0, operation Mode is: A*B.
DSP Report: operator inst/m00_axis_tdata0 is absorbed into DSP inst/m00_axis_tdata0.
DSP Report: operator inst/m00_axis_tdata0 is absorbed into DSP inst/m00_axis_tdata0.
DSP Report: Generating DSP inst/m00_axis_tdata_reg, operation Mode is: (PCIN>>17)+A*B.
DSP Report: register inst/m00_axis_tdata_reg is absorbed into DSP inst/m00_axis_tdata_reg.
DSP Report: operator inst/m00_axis_tdata0 is absorbed into DSP inst/m00_axis_tdata_reg.
DSP Report: operator inst/m00_axis_tdata0 is absorbed into DSP inst/m00_axis_tdata_reg.
WARNING: [Synth 8-3331] design design_1_axis_SM_0_0 has unconnected port m00_axis_aclk
WARNING: [Synth 8-3331] design design_1_axis_SM_0_0 has unconnected port m00_axis_aresetn
WARNING: [Synth 8-3331] design design_1_axis_SM_0_0 has unconnected port s00_axis_tstrb[3]
WARNING: [Synth 8-3331] design design_1_axis_SM_0_0 has unconnected port s00_axis_tstrb[2]
WARNING: [Synth 8-3331] design design_1_axis_SM_0_0 has unconnected port s00_axis_tstrb[1]
WARNING: [Synth 8-3331] design design_1_axis_SM_0_0 has unconnected port s00_axis_tstrb[0]
INFO: [Synth 8-3886] merging instance 'inst/m00_axis_tstrb_reg[0]' (FDSE) to 'inst/m00_axis_tstrb_reg[3]'
INFO: [Synth 8-3886] merging instance 'inst/m00_axis_tstrb_reg[1]' (FDSE) to 'inst/m00_axis_tstrb_reg[3]'
INFO: [Synth 8-3886] merging instance 'inst/m00_axis_tstrb_reg[2]' (FDSE) to 'inst/m00_axis_tstrb_reg[3]'
INFO: [Synth 8-3333] propagating constant 1 across sequential element (\inst/m00_axis_tstrb_reg[3] )
INFO: [Synth 8-3332] Sequential element (inst/m00_axis_tdata_reg[47]) is unused and will be removed from module design_1_axis_SM_0_0.
INFO: [Synth 8-3332] Sequential element (inst/m00_axis_tdata_reg[46]) is unused and will be removed from module design_1_axis_SM_0_0.
INFO: [Synth 8-3332] Sequential element (inst/m00_axis_tdata_reg[45]) is unused and will be removed from module design_1_axis_SM_0_0.
INFO: [Synth 8-3332] Sequential element (inst/m00_axis_tdata_reg[44]) is unused and will be removed from module design_1_axis_SM_0_0.
INFO: [Synth 8-3332] Sequential element (inst/m00_axis_tdata_reg[43]) is unused and will be removed from module design_1_axis_SM_0_0.
INFO: [Synth 8-3332] Sequential element (inst/m00_axis_tdata_reg[42]) is unused and will be removed from module design_1_axis_SM_0_0.
INFO: [Synth 8-3332] Sequential element (inst/m00_axis_tdata_reg[41]) is unused and will be removed from module design_1_axis_SM_0_0.
INFO: [Synth 8-3332] Sequential element (inst/m00_axis_tdata_reg[40]) is unused and will be removed from module design_1_axis_SM_0_0.
INFO: [Synth 8-3332] Sequential element (inst/m00_axis_tdata_reg[39]) is unused and will be removed from module design_1_axis_SM_0_0.
INFO: [Synth 8-3332] Sequential element (inst/m00_axis_tdata_reg[38]) is unused and will be removed from module design_1_axis_SM_0_0.
INFO: [Synth 8-3332] Sequential element (inst/m00_axis_tdata_reg[37]) is unused and will be removed from module design_1_axis_SM_0_0.
INFO: [Synth 8-3332] Sequential element (inst/m00_axis_tdata_reg[36]) is unused and will be removed from module design_1_axis_SM_0_0.
INFO: [Synth 8-3332] Sequential element (inst/m00_axis_tdata_reg[35]) is unused and will be removed from module design_1_axis_SM_0_0.
INFO: [Synth 8-3332] Sequential element (inst/m00_axis_tdata_reg[34]) is unused and will be removed from module design_1_axis_SM_0_0.
INFO: [Synth 8-3332] Sequential element (inst/m00_axis_tdata_reg[33]) is unused and will be removed from module design_1_axis_SM_0_0.
INFO: [Synth 8-3332] Sequential element (inst/m00_axis_tdata_reg[32]) is unused and will be removed from module design_1_axis_SM_0_0.
INFO: [Synth 8-3332] Sequential element (inst/m00_axis_tdata_reg[31]) is unused and will be removed from module design_1_axis_SM_0_0.
INFO: [Synth 8-3332] Sequential element (inst/m00_axis_tdata_reg[30]) is unused and will be removed from module design_1_axis_SM_0_0.
INFO: [Synth 8-3332] Sequential element (inst/m00_axis_tdata_reg[29]) is unused and will be removed from module design_1_axis_SM_0_0.
INFO: [Synth 8-3332] Sequential element (inst/m00_axis_tdata_reg[28]) is unused and will be removed from module design_1_axis_SM_0_0.
INFO: [Synth 8-3332] Sequential element (inst/m00_axis_tdata_reg[27]) is unused and will be removed from module design_1_axis_SM_0_0.
INFO: [Synth 8-3332] Sequential element (inst/m00_axis_tdata_reg[26]) is unused and will be removed from module design_1_axis_SM_0_0.
INFO: [Synth 8-3332] Sequential element (inst/m00_axis_tdata_reg[25]) is unused and will be removed from module design_1_axis_SM_0_0.
INFO: [Synth 8-3332] Sequential element (inst/m00_axis_tdata_reg[24]) is unused and will be removed from module design_1_axis_SM_0_0.
INFO: [Synth 8-3332] Sequential element (inst/m00_axis_tdata_reg[23]) is unused and will be removed from module design_1_axis_SM_0_0.
INFO: [Synth 8-3332] Sequential element (inst/m00_axis_tdata_reg[22]) is unused and will be removed from module design_1_axis_SM_0_0.
INFO: [Synth 8-3332] Sequential element (inst/m00_axis_tdata_reg[21]) is unused and will be removed from module design_1_axis_SM_0_0.
INFO: [Synth 8-3332] Sequential element (inst/m00_axis_tdata_reg[20]) is unused and will be removed from module design_1_axis_SM_0_0.
INFO: [Synth 8-3332] Sequential element (inst/m00_axis_tdata_reg[19]) is unused and will be removed from module design_1_axis_SM_0_0.
INFO: [Synth 8-3332] Sequential element (inst/m00_axis_tdata_reg[18]) is unused and will be removed from module design_1_axis_SM_0_0.
INFO: [Synth 8-3332] Sequential element (inst/m00_axis_tdata_reg[17]) is unused and will be removed from module design_1_axis_SM_0_0.
INFO: [Synth 8-3332] Sequential element (inst/m00_axis_tdata_reg[16]) is unused and will be removed from module design_1_axis_SM_0_0.
INFO: [Synth 8-3332] Sequential element (inst/m00_axis_tdata_reg[15]) is unused and will be removed from module design_1_axis_SM_0_0.
INFO: [Synth 8-3332] Sequential element (inst/m00_axis_tdata_reg[47]__0) is unused and will be removed from module design_1_axis_SM_0_0.
INFO: [Synth 8-3332] Sequential element (inst/m00_axis_tdata_reg[46]__0) is unused and will be removed from module design_1_axis_SM_0_0.
INFO: [Synth 8-3332] Sequential element (inst/m00_axis_tdata_reg[45]__0) is unused and will be removed from module design_1_axis_SM_0_0.
INFO: [Synth 8-3332] Sequential element (inst/m00_axis_tdata_reg[44]__0) is unused and will be removed from module design_1_axis_SM_0_0.
INFO: [Synth 8-3332] Sequential element (inst/m00_axis_tdata_reg[43]__0) is unused and will be removed from module design_1_axis_SM_0_0.
INFO: [Synth 8-3332] Sequential element (inst/m00_axis_tdata_reg[42]__0) is unused and will be removed from module design_1_axis_SM_0_0.
INFO: [Synth 8-3332] Sequential element (inst/m00_axis_tdata_reg[41]__0) is unused and will be removed from module design_1_axis_SM_0_0.
INFO: [Synth 8-3332] Sequential element (inst/m00_axis_tdata_reg[40]__0) is unused and will be removed from module design_1_axis_SM_0_0.
INFO: [Synth 8-3332] Sequential element (inst/m00_axis_tdata_reg[39]__0) is unused and will be removed from module design_1_axis_SM_0_0.
INFO: [Synth 8-3332] Sequential element (inst/m00_axis_tdata_reg[38]__0) is unused and will be removed from module design_1_axis_SM_0_0.
INFO: [Synth 8-3332] Sequential element (inst/m00_axis_tdata_reg[37]__0) is unused and will be removed from module design_1_axis_SM_0_0.
INFO: [Synth 8-3332] Sequential element (inst/m00_axis_tdata_reg[36]__0) is unused and will be removed from module design_1_axis_SM_0_0.
INFO: [Synth 8-3332] Sequential element (inst/m00_axis_tdata_reg[35]__0) is unused and will be removed from module design_1_axis_SM_0_0.
INFO: [Synth 8-3332] Sequential element (inst/m00_axis_tdata_reg[34]__0) is unused and will be removed from module design_1_axis_SM_0_0.
INFO: [Synth 8-3332] Sequential element (inst/m00_axis_tdata_reg[33]__0) is unused and will be removed from module design_1_axis_SM_0_0.
INFO: [Synth 8-3332] Sequential element (inst/m00_axis_tdata_reg[32]__0) is unused and will be removed from module design_1_axis_SM_0_0.
INFO: [Synth 8-3332] Sequential element (inst/m00_axis_tdata_reg[31]__0) is unused and will be removed from module design_1_axis_SM_0_0.
INFO: [Synth 8-3332] Sequential element (inst/m00_axis_tdata_reg[30]__0) is unused and will be removed from module design_1_axis_SM_0_0.
INFO: [Synth 8-3332] Sequential element (inst/m00_axis_tdata_reg[29]__0) is unused and will be removed from module design_1_axis_SM_0_0.
INFO: [Synth 8-3332] Sequential element (inst/m00_axis_tdata_reg[28]__0) is unused and will be removed from module design_1_axis_SM_0_0.
INFO: [Synth 8-3332] Sequential element (inst/m00_axis_tdata_reg[27]__0) is unused and will be removed from module design_1_axis_SM_0_0.
INFO: [Synth 8-3332] Sequential element (inst/m00_axis_tdata_reg[26]__0) is unused and will be removed from module design_1_axis_SM_0_0.
INFO: [Synth 8-3332] Sequential element (inst/m00_axis_tdata_reg[25]__0) is unused and will be removed from module design_1_axis_SM_0_0.
INFO: [Synth 8-3332] Sequential element (inst/m00_axis_tdata_reg[24]__0) is unused and will be removed from module design_1_axis_SM_0_0.
INFO: [Synth 8-3332] Sequential element (inst/m00_axis_tdata_reg[23]__0) is unused and will be removed from module design_1_axis_SM_0_0.
INFO: [Synth 8-3332] Sequential element (inst/m00_axis_tdata_reg[22]__0) is unused and will be removed from module design_1_axis_SM_0_0.
INFO: [Synth 8-3332] Sequential element (inst/m00_axis_tdata_reg[21]__0) is unused and will be removed from module design_1_axis_SM_0_0.
INFO: [Synth 8-3332] Sequential element (inst/m00_axis_tdata_reg[20]__0) is unused and will be removed from module design_1_axis_SM_0_0.
INFO: [Synth 8-3332] Sequential element (inst/m00_axis_tdata_reg[19]__0) is unused and will be removed from module design_1_axis_SM_0_0.
INFO: [Synth 8-3332] Sequential element (inst/m00_axis_tdata_reg[18]__0) is unused and will be removed from module design_1_axis_SM_0_0.
INFO: [Synth 8-3332] Sequential element (inst/m00_axis_tdata_reg[17]__0) is unused and will be removed from module design_1_axis_SM_0_0.
INFO: [Synth 8-3332] Sequential element (inst/m00_axis_tstrb_reg[3]) is unused and will be removed from module design_1_axis_SM_0_0.
---------------------------------------------------------------------------------
Finished Cross Boundary and Area Optimization : Time (s): cpu = 00:00:17 ; elapsed = 00:00:24 . Memory (MB): peak = 787.613 ; gain = 466.777
---------------------------------------------------------------------------------
---------------------------------------------------------------------------------
Start ROM, RAM, DSP and Shift Register Reporting
---------------------------------------------------------------------------------

DSP: Preliminary Mapping  Report (see note below)
+---------------------+----------------+--------+--------+--------+--------+--------+------+------+------+------+-------+------+------+
|Module Name          | DSP Mapping    | A Size | B Size | C Size | D Size | P Size | AREG | BREG | CREG | DREG | ADREG | MREG | PREG | 
+---------------------+----------------+--------+--------+--------+--------+--------+------+------+------+------+-------+------+------+
|design_1_axis_SM_0_0 | A*B            | 18     | 16     | -      | -      | 48     | 0    | 0    | -    | -    | -     | 0    | 0    | 
|design_1_axis_SM_0_0 | (PCIN>>17)+A*B | 16     | 16     | -      | -      | 48     | 0    | 0    | -    | -    | -     | 0    | 1    | 
|design_1_axis_SM_0_0 | A*B            | 18     | 18     | -      | -      | 48     | 0    | 0    | -    | -    | -     | 0    | 0    | 
|design_1_axis_SM_0_0 | (PCIN>>17)+A*B | 18     | 16     | -      | -      | 48     | 0    | 0    | -    | -    | -     | 0    | 1    | 
+---------------------+----------------+--------+--------+--------+--------+--------+------+------+------+------+-------+------+------+

Note: The table above is a preliminary report that shows the DSPs inferred at the current stage of the synthesis flow. Some DSP may be reimplemented as non DSP primitives later in the synthesis flow. Multiple instantiated DSPs are reported only once.
---------------------------------------------------------------------------------
Finished ROM, RAM, DSP and Shift Register Reporting
---------------------------------------------------------------------------------

Report RTL Partitions: 
+-+--------------+------------+----------+
| |RTL Partition |Replication |Instances |
+-+--------------+------------+----------+
+-+--------------+------------+----------+
---------------------------------------------------------------------------------
Start Applying XDC Timing Constraints
---------------------------------------------------------------------------------
---------------------------------------------------------------------------------
Finished Applying XDC Timing Constraints : Time (s): cpu = 00:00:30 ; elapsed = 00:00:38 . Memory (MB): peak = 845.715 ; gain = 524.879
---------------------------------------------------------------------------------
---------------------------------------------------------------------------------
Start Timing Optimization
---------------------------------------------------------------------------------
---------------------------------------------------------------------------------
Finished Timing Optimization : Time (s): cpu = 00:00:30 ; elapsed = 00:00:38 . Memory (MB): peak = 845.715 ; gain = 524.879
---------------------------------------------------------------------------------

Report RTL Partitions: 
+-+--------------+------------+----------+
| |RTL Partition |Replication |Instances |
+-+--------------+------------+----------+
+-+--------------+------------+----------+
---------------------------------------------------------------------------------
Start Technology Mapping
---------------------------------------------------------------------------------
---------------------------------------------------------------------------------
Finished Technology Mapping : Time (s): cpu = 00:00:30 ; elapsed = 00:00:38 . Memory (MB): peak = 855.887 ; gain = 535.051
---------------------------------------------------------------------------------

Report RTL Partitions: 
+-+--------------+------------+----------+
| |RTL Partition |Replication |Instances |
+-+--------------+------------+----------+
+-+--------------+------------+----------+
---------------------------------------------------------------------------------
Start IO Insertion
---------------------------------------------------------------------------------
---------------------------------------------------------------------------------
Start Flattening Before IO Insertion
---------------------------------------------------------------------------------
---------------------------------------------------------------------------------
Finished Flattening Before IO Insertion
---------------------------------------------------------------------------------
---------------------------------------------------------------------------------
Start Final Netlist Cleanup
---------------------------------------------------------------------------------
---------------------------------------------------------------------------------
Finished Final Netlist Cleanup
---------------------------------------------------------------------------------
---------------------------------------------------------------------------------
Finished IO Insertion : Time (s): cpu = 00:00:31 ; elapsed = 00:00:39 . Memory (MB): peak = 855.887 ; gain = 535.051
---------------------------------------------------------------------------------

Report Check Netlist: 
+------+------------------+-------+---------+-------+------------------+
|      |Item              |Errors |Warnings |Status |Description       |
+------+------------------+-------+---------+-------+------------------+
|1     |multi_driven_nets |      0|        0|Passed |Multi driven nets |
+------+------------------+-------+---------+-------+------------------+
---------------------------------------------------------------------------------
Start Renaming Generated Instances
---------------------------------------------------------------------------------
---------------------------------------------------------------------------------
Finished Renaming Generated Instances : Time (s): cpu = 00:00:31 ; elapsed = 00:00:39 . Memory (MB): peak = 855.887 ; gain = 535.051
---------------------------------------------------------------------------------

Report RTL Partitions: 
+-+--------------+------------+----------+
| |RTL Partition |Replication |Instances |
+-+--------------+------------+----------+
+-+--------------+------------+----------+
---------------------------------------------------------------------------------
Start Rebuilding User Hierarchy
---------------------------------------------------------------------------------
---------------------------------------------------------------------------------
Finished Rebuilding User Hierarchy : Time (s): cpu = 00:00:31 ; elapsed = 00:00:39 . Memory (MB): peak = 855.887 ; gain = 535.051
---------------------------------------------------------------------------------
---------------------------------------------------------------------------------
Start Renaming Generated Ports
---------------------------------------------------------------------------------
---------------------------------------------------------------------------------
Finished Renaming Generated Ports : Time (s): cpu = 00:00:31 ; elapsed = 00:00:39 . Memory (MB): peak = 855.887 ; gain = 535.051
---------------------------------------------------------------------------------
---------------------------------------------------------------------------------
Start Handling Custom Attributes
---------------------------------------------------------------------------------
---------------------------------------------------------------------------------
Finished Handling Custom Attributes : Time (s): cpu = 00:00:31 ; elapsed = 00:00:39 . Memory (MB): peak = 855.887 ; gain = 535.051
---------------------------------------------------------------------------------
---------------------------------------------------------------------------------
Start Renaming Generated Nets
---------------------------------------------------------------------------------
---------------------------------------------------------------------------------
Finished Renaming Generated Nets : Time (s): cpu = 00:00:31 ; elapsed = 00:00:39 . Memory (MB): peak = 855.887 ; gain = 535.051
---------------------------------------------------------------------------------
---------------------------------------------------------------------------------
Start Writing Synthesis Report
---------------------------------------------------------------------------------

Report BlackBoxes: 
+-+--------------+----------+
| |BlackBox name |Instances |
+-+--------------+----------+
+-+--------------+----------+

Report Cell Usage: 
+------+----------+------+
|      |Cell      |Count |
+------+----------+------+
|1     |CARRY4    |     4|
|2     |DSP48E1   |     1|
|3     |DSP48E1_1 |     2|
|4     |LUT2      |    16|
|5     |LUT3      |     1|
|6     |FDRE      |    17|
+------+----------+------+

Report Instance Areas: 
+------+---------+-------------+------+
|      |Instance |Module       |Cells |
+------+---------+-------------+------+
|1     |top      |             |    41|
|2     |  inst   |axis_SM_v1_0 |    40|
+------+---------+-------------+------+
---------------------------------------------------------------------------------
Finished Writing Synthesis Report : Time (s): cpu = 00:00:31 ; elapsed = 00:00:39 . Memory (MB): peak = 855.887 ; gain = 535.051
---------------------------------------------------------------------------------
Synthesis finished with 0 errors, 0 critical warnings and 7 warnings.
Synthesis Optimization Runtime : Time (s): cpu = 00:00:21 ; elapsed = 00:00:30 . Memory (MB): peak = 855.887 ; gain = 211.387
Synthesis Optimization Complete : Time (s): cpu = 00:00:32 ; elapsed = 00:00:39 . Memory (MB): peak = 855.887 ; gain = 535.051
INFO: [Project 1-571] Translating synthesized netlist
INFO: [Netlist 29-17] Analyzing 7 Unisim elements for replacement
INFO: [Netlist 29-28] Unisim Transformation completed in 0 CPU seconds
INFO: [Project 1-570] Preparing netlist for logic optimization
INFO: [Opt 31-138] Pushed 0 inverter(s) to 0 load pin(s).
INFO: [Project 1-111] Unisim Transformation Summary:
No Unisim elements were transformed.

INFO: [Common 17-83] Releasing license: Synthesis
85 Infos, 16 Warnings, 0 Critical Warnings and 0 Errors encountered.
synth_design completed successfully
synth_design: Time (s): cpu = 00:00:33 ; elapsed = 00:00:43 . Memory (MB): peak = 855.887 ; gain = 546.520
INFO: [Common 17-1381] The checkpoint 'C:/Users/labview/axis_slvMas/axis_slvMas.runs/design_1_axis_SM_0_0_synth_1/design_1_axis_SM_0_0.dcp' has been generated.
