15:42:14 INFO  : Registering command handlers for SDK TCF services
15:42:15 INFO  : Launching XSCT server: xsct.bat -interactive C:\Users\labview\axis_slvMas\axis_slvMas.sdk\temp_xsdb_launch_script.tcl
15:42:19 INFO  : XSCT server has started successfully.
15:42:20 INFO  : Successfully done setting XSCT server connection channel  
15:42:20 INFO  : Successfully done setting SDK workspace  
15:42:20 INFO  : Processing command line option -hwspec C:/Users/labview/axis_slvMas/axis_slvMas.sdk/design_1_wrapper.hdf.
16:03:50 INFO  : Connected to target on host '127.0.0.1' and port '3121'.
16:03:52 INFO  : 'targets -set -filter {jtag_cable_name =~ "Digilent Zybo 210279573393A" && level==0} -index 1' command is executed.
16:03:53 INFO  : FPGA configured successfully with bitstream "C:/Users/labview/axis_slvMas/axis_slvMas.sdk/design_1_wrapper_hw_platform_0/design_1_wrapper.bit"
16:04:33 INFO  : 'targets -set -filter {jtag_cable_name =~ "Digilent Zybo 210279573393A" && level==0} -index 1' command is executed.
16:04:33 INFO  : 'fpga -state' command is executed.
16:04:33 INFO  : Connected to target on host '127.0.0.1' and port '3121'.
16:04:33 INFO  : Jtag cable 'Digilent Zybo 210279573393A' is selected.
16:04:33 INFO  : 'jtag frequency' command is executed.
16:04:33 INFO  : Sourcing of 'C:/Users/labview/axis_slvMas/axis_slvMas.sdk/design_1_wrapper_hw_platform_0/ps7_init.tcl' is done.
16:04:33 INFO  : Context for 'APU' is selected.
16:04:33 INFO  : Hardware design information is loaded from 'C:/Users/labview/axis_slvMas/axis_slvMas.sdk/design_1_wrapper_hw_platform_0/system.hdf'.
16:04:33 INFO  : 'configparams force-mem-access 1' command is executed.
16:04:33 INFO  : Context for 'APU' is selected.
16:04:33 INFO  : 'stop' command is executed.
16:04:34 INFO  : 'ps7_init' command is executed.
16:04:34 INFO  : 'ps7_post_config' command is executed.
16:04:34 INFO  : Context for processor 'ps7_cortexa9_0' is selected.
16:04:34 INFO  : Processor reset is completed for 'ps7_cortexa9_0'.
16:04:34 INFO  : Context for processor 'ps7_cortexa9_0' is selected.
16:04:34 INFO  : The application 'C:/Users/labview/axis_slvMas/axis_slvMas.sdk/axis_sm/Debug/axis_sm.elf' is downloaded to processor 'ps7_cortexa9_0'.
16:04:34 INFO  : 'configparams force-mem-access 0' command is executed.
16:04:34 INFO  : ----------------XSDB Script----------------
connect -url tcp:127.0.0.1:3121
source C:/Users/labview/axis_slvMas/axis_slvMas.sdk/design_1_wrapper_hw_platform_0/ps7_init.tcl
targets -set -nocase -filter {name =~"APU*" && jtag_cable_name =~ "Digilent Zybo 210279573393A"} -index 0
loadhw -hw C:/Users/labview/axis_slvMas/axis_slvMas.sdk/design_1_wrapper_hw_platform_0/system.hdf -mem-ranges [list {0x40000000 0xbfffffff}]
configparams force-mem-access 1
targets -set -nocase -filter {name =~"APU*" && jtag_cable_name =~ "Digilent Zybo 210279573393A"} -index 0
stop
ps7_init
ps7_post_config
targets -set -nocase -filter {name =~ "ARM*#0" && jtag_cable_name =~ "Digilent Zybo 210279573393A"} -index 0
rst -processor
targets -set -nocase -filter {name =~ "ARM*#0" && jtag_cable_name =~ "Digilent Zybo 210279573393A"} -index 0
dow C:/Users/labview/axis_slvMas/axis_slvMas.sdk/axis_sm/Debug/axis_sm.elf
configparams force-mem-access 0
----------------End of Script----------------

16:04:34 INFO  : Memory regions updated for context APU
16:04:34 INFO  : Context for processor 'ps7_cortexa9_0' is selected.
16:04:34 INFO  : 'con' command is executed.
16:04:34 INFO  : ----------------XSDB Script (After Launch)----------------
targets -set -nocase -filter {name =~ "ARM*#0" && jtag_cable_name =~ "Digilent Zybo 210279573393A"} -index 0
con
----------------End of Script----------------

16:04:34 INFO  : Launch script is exported to file 'C:\Users\labview\axis_slvMas\axis_slvMas.sdk\.sdk\launch_scripts\xilinx_c-c++_application_(system_debugger)\system_debugger_using_debug_axis_sm.elf_on_local.tcl'
16:06:50 INFO  : Disconnected from the channel tcfchan#1.
16:06:51 INFO  : 'targets -set -filter {jtag_cable_name =~ "Digilent Zybo 210279573393A" && level==0} -index 1' command is executed.
16:06:51 INFO  : 'fpga -state' command is executed.
16:06:51 INFO  : Connected to target on host '127.0.0.1' and port '3121'.
16:06:52 INFO  : Jtag cable 'Digilent Zybo 210279573393A' is selected.
16:06:52 INFO  : 'jtag frequency' command is executed.
16:06:52 INFO  : Sourcing of 'C:/Users/labview/axis_slvMas/axis_slvMas.sdk/design_1_wrapper_hw_platform_0/ps7_init.tcl' is done.
16:06:52 INFO  : Context for 'APU' is selected.
16:06:53 INFO  : Hardware design information is loaded from 'C:/Users/labview/axis_slvMas/axis_slvMas.sdk/design_1_wrapper_hw_platform_0/system.hdf'.
16:06:53 INFO  : 'configparams force-mem-access 1' command is executed.
16:06:53 INFO  : Context for 'APU' is selected.
16:06:53 INFO  : 'stop' command is executed.
16:06:54 INFO  : 'ps7_init' command is executed.
16:06:54 INFO  : 'ps7_post_config' command is executed.
16:06:54 INFO  : Context for processor 'ps7_cortexa9_0' is selected.
16:06:54 INFO  : Processor reset is completed for 'ps7_cortexa9_0'.
16:06:54 INFO  : Context for processor 'ps7_cortexa9_0' is selected.
16:06:54 INFO  : The application 'C:/Users/labview/axis_slvMas/axis_slvMas.sdk/axis_sm/Debug/axis_sm.elf' is downloaded to processor 'ps7_cortexa9_0'.
16:06:54 INFO  : 'configparams force-mem-access 0' command is executed.
16:06:54 INFO  : ----------------XSDB Script----------------
connect -url tcp:127.0.0.1:3121
source C:/Users/labview/axis_slvMas/axis_slvMas.sdk/design_1_wrapper_hw_platform_0/ps7_init.tcl
targets -set -nocase -filter {name =~"APU*" && jtag_cable_name =~ "Digilent Zybo 210279573393A"} -index 0
loadhw -hw C:/Users/labview/axis_slvMas/axis_slvMas.sdk/design_1_wrapper_hw_platform_0/system.hdf -mem-ranges [list {0x40000000 0xbfffffff}]
configparams force-mem-access 1
targets -set -nocase -filter {name =~"APU*" && jtag_cable_name =~ "Digilent Zybo 210279573393A"} -index 0
stop
ps7_init
ps7_post_config
targets -set -nocase -filter {name =~ "ARM*#0" && jtag_cable_name =~ "Digilent Zybo 210279573393A"} -index 0
rst -processor
targets -set -nocase -filter {name =~ "ARM*#0" && jtag_cable_name =~ "Digilent Zybo 210279573393A"} -index 0
dow C:/Users/labview/axis_slvMas/axis_slvMas.sdk/axis_sm/Debug/axis_sm.elf
configparams force-mem-access 0
----------------End of Script----------------

16:06:54 INFO  : Memory regions updated for context APU
16:06:54 INFO  : Context for processor 'ps7_cortexa9_0' is selected.
16:06:54 INFO  : 'con' command is executed.
16:06:54 INFO  : ----------------XSDB Script (After Launch)----------------
targets -set -nocase -filter {name =~ "ARM*#0" && jtag_cable_name =~ "Digilent Zybo 210279573393A"} -index 0
con
----------------End of Script----------------

16:06:54 INFO  : Launch script is exported to file 'C:\Users\labview\axis_slvMas\axis_slvMas.sdk\.sdk\launch_scripts\xilinx_c-c++_application_(system_debugger)\system_debugger_using_debug_axis_sm.elf_on_local.tcl'
16:10:16 INFO  : Disconnected from the channel tcfchan#2.
16:10:18 INFO  : 'targets -set -filter {jtag_cable_name =~ "Digilent Zybo 210279573393A" && level==0} -index 1' command is executed.
16:10:18 INFO  : 'fpga -state' command is executed.
16:10:18 INFO  : Connected to target on host '127.0.0.1' and port '3121'.
16:10:18 INFO  : Jtag cable 'Digilent Zybo 210279573393A' is selected.
16:10:18 INFO  : 'jtag frequency' command is executed.
16:10:18 INFO  : Sourcing of 'C:/Users/labview/axis_slvMas/axis_slvMas.sdk/design_1_wrapper_hw_platform_0/ps7_init.tcl' is done.
16:10:18 INFO  : Context for 'APU' is selected.
16:10:19 INFO  : Hardware design information is loaded from 'C:/Users/labview/axis_slvMas/axis_slvMas.sdk/design_1_wrapper_hw_platform_0/system.hdf'.
16:10:19 INFO  : 'configparams force-mem-access 1' command is executed.
16:10:19 INFO  : Context for 'APU' is selected.
16:10:19 INFO  : 'stop' command is executed.
16:10:20 INFO  : 'ps7_init' command is executed.
16:10:20 INFO  : 'ps7_post_config' command is executed.
16:10:20 INFO  : Context for processor 'ps7_cortexa9_0' is selected.
16:10:20 INFO  : Processor reset is completed for 'ps7_cortexa9_0'.
16:10:20 INFO  : Context for processor 'ps7_cortexa9_0' is selected.
16:10:20 INFO  : The application 'C:/Users/labview/axis_slvMas/axis_slvMas.sdk/axis_sm/Debug/axis_sm.elf' is downloaded to processor 'ps7_cortexa9_0'.
16:10:20 INFO  : 'configparams force-mem-access 0' command is executed.
16:10:20 INFO  : ----------------XSDB Script----------------
connect -url tcp:127.0.0.1:3121
source C:/Users/labview/axis_slvMas/axis_slvMas.sdk/design_1_wrapper_hw_platform_0/ps7_init.tcl
targets -set -nocase -filter {name =~"APU*" && jtag_cable_name =~ "Digilent Zybo 210279573393A"} -index 0
loadhw -hw C:/Users/labview/axis_slvMas/axis_slvMas.sdk/design_1_wrapper_hw_platform_0/system.hdf -mem-ranges [list {0x40000000 0xbfffffff}]
configparams force-mem-access 1
targets -set -nocase -filter {name =~"APU*" && jtag_cable_name =~ "Digilent Zybo 210279573393A"} -index 0
stop
ps7_init
ps7_post_config
targets -set -nocase -filter {name =~ "ARM*#0" && jtag_cable_name =~ "Digilent Zybo 210279573393A"} -index 0
rst -processor
targets -set -nocase -filter {name =~ "ARM*#0" && jtag_cable_name =~ "Digilent Zybo 210279573393A"} -index 0
dow C:/Users/labview/axis_slvMas/axis_slvMas.sdk/axis_sm/Debug/axis_sm.elf
configparams force-mem-access 0
----------------End of Script----------------

16:10:20 INFO  : Memory regions updated for context APU
16:10:20 INFO  : Context for processor 'ps7_cortexa9_0' is selected.
16:10:20 INFO  : 'con' command is executed.
16:10:20 INFO  : ----------------XSDB Script (After Launch)----------------
targets -set -nocase -filter {name =~ "ARM*#0" && jtag_cable_name =~ "Digilent Zybo 210279573393A"} -index 0
con
----------------End of Script----------------

16:10:20 INFO  : Launch script is exported to file 'C:\Users\labview\axis_slvMas\axis_slvMas.sdk\.sdk\launch_scripts\xilinx_c-c++_application_(system_debugger)\system_debugger_using_debug_axis_sm.elf_on_local.tcl'
16:11:20 INFO  : Disconnected from the channel tcfchan#3.
16:11:22 INFO  : 'targets -set -filter {jtag_cable_name =~ "Digilent Zybo 210279573393A" && level==0} -index 1' command is executed.
16:11:22 INFO  : 'fpga -state' command is executed.
16:11:22 INFO  : Connected to target on host '127.0.0.1' and port '3121'.
16:11:22 INFO  : Jtag cable 'Digilent Zybo 210279573393A' is selected.
16:11:22 INFO  : 'jtag frequency' command is executed.
16:11:22 INFO  : Sourcing of 'C:/Users/labview/axis_slvMas/axis_slvMas.sdk/design_1_wrapper_hw_platform_0/ps7_init.tcl' is done.
16:11:22 INFO  : Context for 'APU' is selected.
16:11:23 INFO  : Hardware design information is loaded from 'C:/Users/labview/axis_slvMas/axis_slvMas.sdk/design_1_wrapper_hw_platform_0/system.hdf'.
16:11:23 INFO  : 'configparams force-mem-access 1' command is executed.
16:11:23 INFO  : Context for 'APU' is selected.
16:11:23 INFO  : 'stop' command is executed.
16:11:24 INFO  : 'ps7_init' command is executed.
16:11:24 INFO  : 'ps7_post_config' command is executed.
16:11:24 INFO  : Context for processor 'ps7_cortexa9_0' is selected.
16:11:24 INFO  : Processor reset is completed for 'ps7_cortexa9_0'.
16:11:24 INFO  : Context for processor 'ps7_cortexa9_0' is selected.
16:11:24 INFO  : The application 'C:/Users/labview/axis_slvMas/axis_slvMas.sdk/axis_sm/Debug/axis_sm.elf' is downloaded to processor 'ps7_cortexa9_0'.
16:11:24 INFO  : 'configparams force-mem-access 0' command is executed.
16:11:24 INFO  : ----------------XSDB Script----------------
connect -url tcp:127.0.0.1:3121
source C:/Users/labview/axis_slvMas/axis_slvMas.sdk/design_1_wrapper_hw_platform_0/ps7_init.tcl
targets -set -nocase -filter {name =~"APU*" && jtag_cable_name =~ "Digilent Zybo 210279573393A"} -index 0
loadhw -hw C:/Users/labview/axis_slvMas/axis_slvMas.sdk/design_1_wrapper_hw_platform_0/system.hdf -mem-ranges [list {0x40000000 0xbfffffff}]
configparams force-mem-access 1
targets -set -nocase -filter {name =~"APU*" && jtag_cable_name =~ "Digilent Zybo 210279573393A"} -index 0
stop
ps7_init
ps7_post_config
targets -set -nocase -filter {name =~ "ARM*#0" && jtag_cable_name =~ "Digilent Zybo 210279573393A"} -index 0
rst -processor
targets -set -nocase -filter {name =~ "ARM*#0" && jtag_cable_name =~ "Digilent Zybo 210279573393A"} -index 0
dow C:/Users/labview/axis_slvMas/axis_slvMas.sdk/axis_sm/Debug/axis_sm.elf
configparams force-mem-access 0
----------------End of Script----------------

16:11:24 INFO  : Memory regions updated for context APU
16:11:24 INFO  : Context for processor 'ps7_cortexa9_0' is selected.
16:11:24 INFO  : 'con' command is executed.
16:11:24 INFO  : ----------------XSDB Script (After Launch)----------------
targets -set -nocase -filter {name =~ "ARM*#0" && jtag_cable_name =~ "Digilent Zybo 210279573393A"} -index 0
con
----------------End of Script----------------

16:11:24 INFO  : Launch script is exported to file 'C:\Users\labview\axis_slvMas\axis_slvMas.sdk\.sdk\launch_scripts\xilinx_c-c++_application_(system_debugger)\system_debugger_using_debug_axis_sm.elf_on_local.tcl'
16:18:16 INFO  : Disconnected from the channel tcfchan#4.
16:22:30 INFO  : Registering command handlers for SDK TCF services
16:22:31 INFO  : Launching XSCT server: xsct.bat -interactive C:\Users\labview\axis_slvMas\axis_slvMas.sdk\temp_xsdb_launch_script.tcl
16:22:34 INFO  : XSCT server has started successfully.
16:22:35 INFO  : Successfully done setting XSCT server connection channel  
16:22:35 INFO  : Successfully done setting SDK workspace  
16:22:35 INFO  : Processing command line option -hwspec C:/Users/labview/axis_slvMas/axis_slvMas.sdk/design_1_wrapper.hdf.
16:22:35 INFO  : Checking for hwspec changes in the project design_1_wrapper_hw_platform_0.
16:22:38 INFO  : SDK has detected change in the last modified timestamps for source hardware specification file Source:1609325503549,  Project:1609322549467
16:22:38 INFO  : The hardware specification for project 'design_1_wrapper_hw_platform_0' is different from C:/Users/labview/axis_slvMas/axis_slvMas.sdk/design_1_wrapper.hdf.
16:22:38 INFO  : Copied contents of C:/Users/labview/axis_slvMas/axis_slvMas.sdk/design_1_wrapper.hdf into \design_1_wrapper_hw_platform_0\system.hdf.
16:22:42 INFO  : Synchronizing projects in the workspace with the hardware platform specification changes.
16:22:48 INFO  : 
16:22:48 INFO  : Updating hardware inferred compiler options for axis_sm.
16:22:48 INFO  : Clearing existing target manager status.
16:22:49 WARN  : Given IPC port value is invalid. Using default port 2350
16:22:49 WARN  : Given XMD timeout value is invalid. Using default value of 50000
16:22:51 WARN  : Given XMD transaction timeout value is invalid. Using default value of 60000 milli seconds
16:23:43 INFO  : Connected to target on host '127.0.0.1' and port '3121'.
16:23:45 INFO  : 'targets -set -filter {jtag_cable_name =~ "Digilent Zybo 210279573393A" && level==0} -index 1' command is executed.
16:23:47 INFO  : FPGA configured successfully with bitstream "C:/Users/labview/axis_slvMas/axis_slvMas.sdk/design_1_wrapper_hw_platform_0/design_1_wrapper.bit"
16:23:52 INFO  : 'targets -set -filter {jtag_cable_name =~ "Digilent Zybo 210279573393A" && level==0} -index 1' command is executed.
16:23:53 INFO  : 'fpga -state' command is executed.
16:23:53 INFO  : Connected to target on host '127.0.0.1' and port '3121'.
16:23:53 INFO  : Jtag cable 'Digilent Zybo 210279573393A' is selected.
16:23:53 INFO  : 'jtag frequency' command is executed.
16:23:53 INFO  : Sourcing of 'C:/Users/labview/axis_slvMas/axis_slvMas.sdk/design_1_wrapper_hw_platform_0/ps7_init.tcl' is done.
16:23:53 INFO  : Context for 'APU' is selected.
16:23:53 INFO  : Hardware design information is loaded from 'C:/Users/labview/axis_slvMas/axis_slvMas.sdk/design_1_wrapper_hw_platform_0/system.hdf'.
16:23:53 INFO  : 'configparams force-mem-access 1' command is executed.
16:23:53 INFO  : Context for 'APU' is selected.
16:23:53 INFO  : 'stop' command is executed.
16:23:54 INFO  : 'ps7_init' command is executed.
16:23:54 INFO  : 'ps7_post_config' command is executed.
16:23:54 INFO  : Context for processor 'ps7_cortexa9_0' is selected.
16:23:54 INFO  : Processor reset is completed for 'ps7_cortexa9_0'.
16:23:54 INFO  : Context for processor 'ps7_cortexa9_0' is selected.
16:23:54 INFO  : The application 'C:/Users/labview/axis_slvMas/axis_slvMas.sdk/axis_sm/Debug/axis_sm.elf' is downloaded to processor 'ps7_cortexa9_0'.
16:23:54 INFO  : 'configparams force-mem-access 0' command is executed.
16:23:54 INFO  : ----------------XSDB Script----------------
connect -url tcp:127.0.0.1:3121
source C:/Users/labview/axis_slvMas/axis_slvMas.sdk/design_1_wrapper_hw_platform_0/ps7_init.tcl
targets -set -nocase -filter {name =~"APU*" && jtag_cable_name =~ "Digilent Zybo 210279573393A"} -index 0
loadhw -hw C:/Users/labview/axis_slvMas/axis_slvMas.sdk/design_1_wrapper_hw_platform_0/system.hdf -mem-ranges [list {0x40000000 0xbfffffff}]
configparams force-mem-access 1
targets -set -nocase -filter {name =~"APU*" && jtag_cable_name =~ "Digilent Zybo 210279573393A"} -index 0
stop
ps7_init
ps7_post_config
targets -set -nocase -filter {name =~ "ARM*#0" && jtag_cable_name =~ "Digilent Zybo 210279573393A"} -index 0
rst -processor
targets -set -nocase -filter {name =~ "ARM*#0" && jtag_cable_name =~ "Digilent Zybo 210279573393A"} -index 0
dow C:/Users/labview/axis_slvMas/axis_slvMas.sdk/axis_sm/Debug/axis_sm.elf
configparams force-mem-access 0
----------------End of Script----------------

16:23:54 INFO  : Memory regions updated for context APU
16:23:55 INFO  : Context for processor 'ps7_cortexa9_0' is selected.
16:23:55 INFO  : 'con' command is executed.
16:23:55 INFO  : ----------------XSDB Script (After Launch)----------------
targets -set -nocase -filter {name =~ "ARM*#0" && jtag_cable_name =~ "Digilent Zybo 210279573393A"} -index 0
con
----------------End of Script----------------

16:23:55 INFO  : Launch script is exported to file 'C:\Users\labview\axis_slvMas\axis_slvMas.sdk\.sdk\launch_scripts\xilinx_c-c++_application_(system_debugger)\system_debugger_using_debug_axis_sm.elf_on_local.tcl'
16:24:03 INFO  : Disconnected from the channel tcfchan#1.
16:24:04 INFO  : 'targets -set -filter {jtag_cable_name =~ "Digilent Zybo 210279573393A" && level==0} -index 1' command is executed.
16:24:04 INFO  : 'fpga -state' command is executed.
16:24:04 INFO  : Connected to target on host '127.0.0.1' and port '3121'.
16:24:04 INFO  : Jtag cable 'Digilent Zybo 210279573393A' is selected.
16:24:04 INFO  : 'jtag frequency' command is executed.
16:24:04 INFO  : Sourcing of 'C:/Users/labview/axis_slvMas/axis_slvMas.sdk/design_1_wrapper_hw_platform_0/ps7_init.tcl' is done.
16:24:04 INFO  : Context for 'APU' is selected.
16:24:06 INFO  : Hardware design information is loaded from 'C:/Users/labview/axis_slvMas/axis_slvMas.sdk/design_1_wrapper_hw_platform_0/system.hdf'.
16:24:06 INFO  : 'configparams force-mem-access 1' command is executed.
16:24:06 INFO  : Context for 'APU' is selected.
16:24:06 INFO  : 'stop' command is executed.
16:24:06 INFO  : 'ps7_init' command is executed.
16:24:06 INFO  : 'ps7_post_config' command is executed.
16:24:06 INFO  : Context for processor 'ps7_cortexa9_0' is selected.
16:24:06 INFO  : Processor reset is completed for 'ps7_cortexa9_0'.
16:24:06 INFO  : Context for processor 'ps7_cortexa9_0' is selected.
16:24:06 INFO  : The application 'C:/Users/labview/axis_slvMas/axis_slvMas.sdk/axis_sm/Debug/axis_sm.elf' is downloaded to processor 'ps7_cortexa9_0'.
16:24:06 INFO  : 'configparams force-mem-access 0' command is executed.
16:24:06 INFO  : ----------------XSDB Script----------------
connect -url tcp:127.0.0.1:3121
source C:/Users/labview/axis_slvMas/axis_slvMas.sdk/design_1_wrapper_hw_platform_0/ps7_init.tcl
targets -set -nocase -filter {name =~"APU*" && jtag_cable_name =~ "Digilent Zybo 210279573393A"} -index 0
loadhw -hw C:/Users/labview/axis_slvMas/axis_slvMas.sdk/design_1_wrapper_hw_platform_0/system.hdf -mem-ranges [list {0x40000000 0xbfffffff}]
configparams force-mem-access 1
targets -set -nocase -filter {name =~"APU*" && jtag_cable_name =~ "Digilent Zybo 210279573393A"} -index 0
stop
ps7_init
ps7_post_config
targets -set -nocase -filter {name =~ "ARM*#0" && jtag_cable_name =~ "Digilent Zybo 210279573393A"} -index 0
rst -processor
targets -set -nocase -filter {name =~ "ARM*#0" && jtag_cable_name =~ "Digilent Zybo 210279573393A"} -index 0
dow C:/Users/labview/axis_slvMas/axis_slvMas.sdk/axis_sm/Debug/axis_sm.elf
configparams force-mem-access 0
----------------End of Script----------------

16:24:06 INFO  : Memory regions updated for context APU
16:24:06 INFO  : Context for processor 'ps7_cortexa9_0' is selected.
16:24:06 INFO  : 'con' command is executed.
16:24:06 INFO  : ----------------XSDB Script (After Launch)----------------
targets -set -nocase -filter {name =~ "ARM*#0" && jtag_cable_name =~ "Digilent Zybo 210279573393A"} -index 0
con
----------------End of Script----------------

16:24:06 INFO  : Launch script is exported to file 'C:\Users\labview\axis_slvMas\axis_slvMas.sdk\.sdk\launch_scripts\xilinx_c-c++_application_(system_debugger)\system_debugger_using_debug_axis_sm.elf_on_local.tcl'
16:24:20 INFO  : 'targets -set -filter {jtag_cable_name =~ "Digilent Zybo 210279573393A" && level==0} -index 1' command is executed.
16:24:20 INFO  : 'fpga -state' command is executed.
16:24:20 INFO  : Connected to target on host '127.0.0.1' and port '3121'.
16:24:21 INFO  : Jtag cable 'Digilent Zybo 210279573393A' is selected.
16:24:21 INFO  : 'jtag frequency' command is executed.
16:24:21 INFO  : Sourcing of 'C:/Users/labview/axis_slvMas/axis_slvMas.sdk/design_1_wrapper_hw_platform_0/ps7_init.tcl' is done.
16:24:21 INFO  : Context for 'APU' is selected.
16:24:21 INFO  : Hardware design information is loaded from 'C:/Users/labview/axis_slvMas/axis_slvMas.sdk/design_1_wrapper_hw_platform_0/system.hdf'.
16:24:21 INFO  : 'configparams force-mem-access 1' command is executed.
16:24:21 INFO  : Context for 'APU' is selected.
16:24:21 INFO  : 'stop' command is executed.
16:24:21 INFO  : 'ps7_init' command is executed.
16:24:21 INFO  : 'ps7_post_config' command is executed.
16:24:21 INFO  : Context for processor 'ps7_cortexa9_0' is selected.
16:24:21 INFO  : Processor reset is completed for 'ps7_cortexa9_0'.
16:24:21 INFO  : Context for processor 'ps7_cortexa9_0' is selected.
16:24:21 INFO  : The application 'C:/Users/labview/axis_slvMas/axis_slvMas.sdk/axis_sm/Debug/axis_sm.elf' is downloaded to processor 'ps7_cortexa9_0'.
16:24:21 INFO  : 'configparams force-mem-access 0' command is executed.
16:24:21 INFO  : ----------------XSDB Script----------------
connect -url tcp:127.0.0.1:3121
source C:/Users/labview/axis_slvMas/axis_slvMas.sdk/design_1_wrapper_hw_platform_0/ps7_init.tcl
targets -set -nocase -filter {name =~"APU*" && jtag_cable_name =~ "Digilent Zybo 210279573393A"} -index 0
loadhw -hw C:/Users/labview/axis_slvMas/axis_slvMas.sdk/design_1_wrapper_hw_platform_0/system.hdf -mem-ranges [list {0x40000000 0xbfffffff}]
configparams force-mem-access 1
targets -set -nocase -filter {name =~"APU*" && jtag_cable_name =~ "Digilent Zybo 210279573393A"} -index 0
stop
ps7_init
ps7_post_config
targets -set -nocase -filter {name =~ "ARM*#0" && jtag_cable_name =~ "Digilent Zybo 210279573393A"} -index 0
rst -processor
targets -set -nocase -filter {name =~ "ARM*#0" && jtag_cable_name =~ "Digilent Zybo 210279573393A"} -index 0
dow C:/Users/labview/axis_slvMas/axis_slvMas.sdk/axis_sm/Debug/axis_sm.elf
configparams force-mem-access 0
----------------End of Script----------------

16:24:21 INFO  : Memory regions updated for context APU
16:24:21 INFO  : Context for processor 'ps7_cortexa9_0' is selected.
16:24:21 INFO  : 'con' command is executed.
16:24:21 INFO  : ----------------XSDB Script (After Launch)----------------
targets -set -nocase -filter {name =~ "ARM*#0" && jtag_cable_name =~ "Digilent Zybo 210279573393A"} -index 0
con
----------------End of Script----------------

16:24:21 INFO  : Launch script is exported to file 'C:\Users\labview\axis_slvMas\axis_slvMas.sdk\.sdk\launch_scripts\xilinx_c-c++_application_(system_debugger)\system_debugger_using_debug_axis_sm.elf_on_local.tcl'
16:24:42 INFO  : Disconnected from the channel tcfchan#2.
16:24:43 INFO  : 'targets -set -filter {jtag_cable_name =~ "Digilent Zybo 210279573393A" && level==0} -index 1' command is executed.
16:24:43 INFO  : 'fpga -state' command is executed.
16:24:43 INFO  : Connected to target on host '127.0.0.1' and port '3121'.
16:24:43 INFO  : Jtag cable 'Digilent Zybo 210279573393A' is selected.
16:24:43 INFO  : 'jtag frequency' command is executed.
16:24:43 INFO  : Sourcing of 'C:/Users/labview/axis_slvMas/axis_slvMas.sdk/design_1_wrapper_hw_platform_0/ps7_init.tcl' is done.
16:24:43 INFO  : Context for 'APU' is selected.
16:24:43 INFO  : Hardware design information is loaded from 'C:/Users/labview/axis_slvMas/axis_slvMas.sdk/design_1_wrapper_hw_platform_0/system.hdf'.
16:24:43 INFO  : 'configparams force-mem-access 1' command is executed.
16:24:43 INFO  : Context for 'APU' is selected.
16:24:44 INFO  : 'stop' command is executed.
16:24:44 INFO  : 'ps7_init' command is executed.
16:24:44 INFO  : 'ps7_post_config' command is executed.
16:24:44 INFO  : Context for processor 'ps7_cortexa9_0' is selected.
16:24:44 INFO  : Processor reset is completed for 'ps7_cortexa9_0'.
16:24:44 INFO  : Context for processor 'ps7_cortexa9_0' is selected.
16:24:44 INFO  : The application 'C:/Users/labview/axis_slvMas/axis_slvMas.sdk/axis_sm/Debug/axis_sm.elf' is downloaded to processor 'ps7_cortexa9_0'.
16:24:44 INFO  : 'configparams force-mem-access 0' command is executed.
16:24:44 INFO  : ----------------XSDB Script----------------
connect -url tcp:127.0.0.1:3121
source C:/Users/labview/axis_slvMas/axis_slvMas.sdk/design_1_wrapper_hw_platform_0/ps7_init.tcl
targets -set -nocase -filter {name =~"APU*" && jtag_cable_name =~ "Digilent Zybo 210279573393A"} -index 0
loadhw -hw C:/Users/labview/axis_slvMas/axis_slvMas.sdk/design_1_wrapper_hw_platform_0/system.hdf -mem-ranges [list {0x40000000 0xbfffffff}]
configparams force-mem-access 1
targets -set -nocase -filter {name =~"APU*" && jtag_cable_name =~ "Digilent Zybo 210279573393A"} -index 0
stop
ps7_init
ps7_post_config
targets -set -nocase -filter {name =~ "ARM*#0" && jtag_cable_name =~ "Digilent Zybo 210279573393A"} -index 0
rst -processor
targets -set -nocase -filter {name =~ "ARM*#0" && jtag_cable_name =~ "Digilent Zybo 210279573393A"} -index 0
dow C:/Users/labview/axis_slvMas/axis_slvMas.sdk/axis_sm/Debug/axis_sm.elf
configparams force-mem-access 0
----------------End of Script----------------

16:24:44 INFO  : Memory regions updated for context APU
16:24:44 INFO  : Context for processor 'ps7_cortexa9_0' is selected.
16:24:44 INFO  : 'con' command is executed.
16:24:44 INFO  : ----------------XSDB Script (After Launch)----------------
targets -set -nocase -filter {name =~ "ARM*#0" && jtag_cable_name =~ "Digilent Zybo 210279573393A"} -index 0
con
----------------End of Script----------------

16:24:44 INFO  : Launch script is exported to file 'C:\Users\labview\axis_slvMas\axis_slvMas.sdk\.sdk\launch_scripts\xilinx_c-c++_application_(system_debugger)\system_debugger_using_debug_axis_sm.elf_on_local.tcl'
16:24:54 INFO  : Disconnected from the channel tcfchan#3.
16:24:55 INFO  : 'targets -set -filter {jtag_cable_name =~ "Digilent Zybo 210279573393A" && level==0} -index 1' command is executed.
16:24:55 INFO  : 'fpga -state' command is executed.
16:24:55 INFO  : Connected to target on host '127.0.0.1' and port '3121'.
16:24:55 INFO  : Jtag cable 'Digilent Zybo 210279573393A' is selected.
16:24:55 INFO  : 'jtag frequency' command is executed.
16:24:55 INFO  : Sourcing of 'C:/Users/labview/axis_slvMas/axis_slvMas.sdk/design_1_wrapper_hw_platform_0/ps7_init.tcl' is done.
16:24:55 INFO  : Context for 'APU' is selected.
16:24:55 INFO  : Hardware design information is loaded from 'C:/Users/labview/axis_slvMas/axis_slvMas.sdk/design_1_wrapper_hw_platform_0/system.hdf'.
16:24:55 INFO  : 'configparams force-mem-access 1' command is executed.
16:24:55 INFO  : Context for 'APU' is selected.
16:24:56 INFO  : 'stop' command is executed.
16:24:56 INFO  : 'ps7_init' command is executed.
16:24:56 INFO  : 'ps7_post_config' command is executed.
16:24:56 INFO  : Context for processor 'ps7_cortexa9_0' is selected.
16:24:56 INFO  : Processor reset is completed for 'ps7_cortexa9_0'.
16:24:56 INFO  : Context for processor 'ps7_cortexa9_0' is selected.
16:24:56 INFO  : The application 'C:/Users/labview/axis_slvMas/axis_slvMas.sdk/axis_sm/Debug/axis_sm.elf' is downloaded to processor 'ps7_cortexa9_0'.
16:24:56 INFO  : 'configparams force-mem-access 0' command is executed.
16:24:56 INFO  : ----------------XSDB Script----------------
connect -url tcp:127.0.0.1:3121
source C:/Users/labview/axis_slvMas/axis_slvMas.sdk/design_1_wrapper_hw_platform_0/ps7_init.tcl
targets -set -nocase -filter {name =~"APU*" && jtag_cable_name =~ "Digilent Zybo 210279573393A"} -index 0
loadhw -hw C:/Users/labview/axis_slvMas/axis_slvMas.sdk/design_1_wrapper_hw_platform_0/system.hdf -mem-ranges [list {0x40000000 0xbfffffff}]
configparams force-mem-access 1
targets -set -nocase -filter {name =~"APU*" && jtag_cable_name =~ "Digilent Zybo 210279573393A"} -index 0
stop
ps7_init
ps7_post_config
targets -set -nocase -filter {name =~ "ARM*#0" && jtag_cable_name =~ "Digilent Zybo 210279573393A"} -index 0
rst -processor
targets -set -nocase -filter {name =~ "ARM*#0" && jtag_cable_name =~ "Digilent Zybo 210279573393A"} -index 0
dow C:/Users/labview/axis_slvMas/axis_slvMas.sdk/axis_sm/Debug/axis_sm.elf
configparams force-mem-access 0
----------------End of Script----------------

16:24:56 INFO  : Memory regions updated for context APU
16:24:56 INFO  : Context for processor 'ps7_cortexa9_0' is selected.
16:24:56 INFO  : 'con' command is executed.
16:24:56 INFO  : ----------------XSDB Script (After Launch)----------------
targets -set -nocase -filter {name =~ "ARM*#0" && jtag_cable_name =~ "Digilent Zybo 210279573393A"} -index 0
con
----------------End of Script----------------

16:24:56 INFO  : Launch script is exported to file 'C:\Users\labview\axis_slvMas\axis_slvMas.sdk\.sdk\launch_scripts\xilinx_c-c++_application_(system_debugger)\system_debugger_using_debug_axis_sm.elf_on_local.tcl'
16:25:17 INFO  : Disconnected from the channel tcfchan#4.
16:25:18 INFO  : 'targets -set -filter {jtag_cable_name =~ "Digilent Zybo 210279573393A" && level==0} -index 1' command is executed.
16:25:18 INFO  : 'fpga -state' command is executed.
16:25:18 INFO  : Connected to target on host '127.0.0.1' and port '3121'.
16:25:18 INFO  : Jtag cable 'Digilent Zybo 210279573393A' is selected.
16:25:18 INFO  : 'jtag frequency' command is executed.
16:25:18 INFO  : Sourcing of 'C:/Users/labview/axis_slvMas/axis_slvMas.sdk/design_1_wrapper_hw_platform_0/ps7_init.tcl' is done.
16:25:18 INFO  : Context for 'APU' is selected.
16:25:18 INFO  : Hardware design information is loaded from 'C:/Users/labview/axis_slvMas/axis_slvMas.sdk/design_1_wrapper_hw_platform_0/system.hdf'.
16:25:18 INFO  : 'configparams force-mem-access 1' command is executed.
16:25:18 INFO  : Context for 'APU' is selected.
16:25:18 INFO  : 'stop' command is executed.
16:25:19 INFO  : 'ps7_init' command is executed.
16:25:19 INFO  : 'ps7_post_config' command is executed.
16:25:19 INFO  : Context for processor 'ps7_cortexa9_0' is selected.
16:25:19 INFO  : Processor reset is completed for 'ps7_cortexa9_0'.
16:25:19 INFO  : Context for processor 'ps7_cortexa9_0' is selected.
16:25:19 INFO  : The application 'C:/Users/labview/axis_slvMas/axis_slvMas.sdk/axis_sm/Debug/axis_sm.elf' is downloaded to processor 'ps7_cortexa9_0'.
16:25:19 INFO  : 'configparams force-mem-access 0' command is executed.
16:25:19 INFO  : ----------------XSDB Script----------------
connect -url tcp:127.0.0.1:3121
source C:/Users/labview/axis_slvMas/axis_slvMas.sdk/design_1_wrapper_hw_platform_0/ps7_init.tcl
targets -set -nocase -filter {name =~"APU*" && jtag_cable_name =~ "Digilent Zybo 210279573393A"} -index 0
loadhw -hw C:/Users/labview/axis_slvMas/axis_slvMas.sdk/design_1_wrapper_hw_platform_0/system.hdf -mem-ranges [list {0x40000000 0xbfffffff}]
configparams force-mem-access 1
targets -set -nocase -filter {name =~"APU*" && jtag_cable_name =~ "Digilent Zybo 210279573393A"} -index 0
stop
ps7_init
ps7_post_config
targets -set -nocase -filter {name =~ "ARM*#0" && jtag_cable_name =~ "Digilent Zybo 210279573393A"} -index 0
rst -processor
targets -set -nocase -filter {name =~ "ARM*#0" && jtag_cable_name =~ "Digilent Zybo 210279573393A"} -index 0
dow C:/Users/labview/axis_slvMas/axis_slvMas.sdk/axis_sm/Debug/axis_sm.elf
configparams force-mem-access 0
----------------End of Script----------------

16:25:19 INFO  : Memory regions updated for context APU
16:25:19 INFO  : Context for processor 'ps7_cortexa9_0' is selected.
16:25:19 INFO  : 'con' command is executed.
16:25:19 INFO  : ----------------XSDB Script (After Launch)----------------
targets -set -nocase -filter {name =~ "ARM*#0" && jtag_cable_name =~ "Digilent Zybo 210279573393A"} -index 0
con
----------------End of Script----------------

16:25:19 INFO  : Launch script is exported to file 'C:\Users\labview\axis_slvMas\axis_slvMas.sdk\.sdk\launch_scripts\xilinx_c-c++_application_(system_debugger)\system_debugger_using_debug_axis_sm.elf_on_local.tcl'
16:25:45 INFO  : Disconnected from the channel tcfchan#5.
16:25:46 INFO  : 'targets -set -filter {jtag_cable_name =~ "Digilent Zybo 210279573393A" && level==0} -index 1' command is executed.
16:25:46 INFO  : 'fpga -state' command is executed.
16:25:46 INFO  : Connected to target on host '127.0.0.1' and port '3121'.
16:25:46 INFO  : Jtag cable 'Digilent Zybo 210279573393A' is selected.
16:25:46 INFO  : 'jtag frequency' command is executed.
16:25:46 INFO  : Sourcing of 'C:/Users/labview/axis_slvMas/axis_slvMas.sdk/design_1_wrapper_hw_platform_0/ps7_init.tcl' is done.
16:25:46 INFO  : Context for 'APU' is selected.
16:25:46 INFO  : Hardware design information is loaded from 'C:/Users/labview/axis_slvMas/axis_slvMas.sdk/design_1_wrapper_hw_platform_0/system.hdf'.
16:25:46 INFO  : 'configparams force-mem-access 1' command is executed.
16:25:46 INFO  : Context for 'APU' is selected.
16:25:46 INFO  : 'stop' command is executed.
16:25:47 INFO  : 'ps7_init' command is executed.
16:25:47 INFO  : 'ps7_post_config' command is executed.
16:25:47 INFO  : Context for processor 'ps7_cortexa9_0' is selected.
16:25:47 INFO  : Processor reset is completed for 'ps7_cortexa9_0'.
16:25:47 INFO  : Context for processor 'ps7_cortexa9_0' is selected.
16:25:47 INFO  : The application 'C:/Users/labview/axis_slvMas/axis_slvMas.sdk/axis_sm/Debug/axis_sm.elf' is downloaded to processor 'ps7_cortexa9_0'.
16:25:47 INFO  : 'configparams force-mem-access 0' command is executed.
16:25:47 INFO  : ----------------XSDB Script----------------
connect -url tcp:127.0.0.1:3121
source C:/Users/labview/axis_slvMas/axis_slvMas.sdk/design_1_wrapper_hw_platform_0/ps7_init.tcl
targets -set -nocase -filter {name =~"APU*" && jtag_cable_name =~ "Digilent Zybo 210279573393A"} -index 0
loadhw -hw C:/Users/labview/axis_slvMas/axis_slvMas.sdk/design_1_wrapper_hw_platform_0/system.hdf -mem-ranges [list {0x40000000 0xbfffffff}]
configparams force-mem-access 1
targets -set -nocase -filter {name =~"APU*" && jtag_cable_name =~ "Digilent Zybo 210279573393A"} -index 0
stop
ps7_init
ps7_post_config
targets -set -nocase -filter {name =~ "ARM*#0" && jtag_cable_name =~ "Digilent Zybo 210279573393A"} -index 0
rst -processor
targets -set -nocase -filter {name =~ "ARM*#0" && jtag_cable_name =~ "Digilent Zybo 210279573393A"} -index 0
dow C:/Users/labview/axis_slvMas/axis_slvMas.sdk/axis_sm/Debug/axis_sm.elf
configparams force-mem-access 0
----------------End of Script----------------

16:25:47 INFO  : Memory regions updated for context APU
16:25:47 INFO  : Context for processor 'ps7_cortexa9_0' is selected.
16:25:47 INFO  : 'con' command is executed.
16:25:47 INFO  : ----------------XSDB Script (After Launch)----------------
targets -set -nocase -filter {name =~ "ARM*#0" && jtag_cable_name =~ "Digilent Zybo 210279573393A"} -index 0
con
----------------End of Script----------------

16:25:47 INFO  : Launch script is exported to file 'C:\Users\labview\axis_slvMas\axis_slvMas.sdk\.sdk\launch_scripts\xilinx_c-c++_application_(system_debugger)\system_debugger_using_debug_axis_sm.elf_on_local.tcl'
16:26:51 INFO  : Disconnected from the channel tcfchan#6.
16:26:52 INFO  : 'targets -set -filter {jtag_cable_name =~ "Digilent Zybo 210279573393A" && level==0} -index 1' command is executed.
16:26:52 INFO  : 'fpga -state' command is executed.
16:26:52 INFO  : Connected to target on host '127.0.0.1' and port '3121'.
16:26:52 INFO  : Jtag cable 'Digilent Zybo 210279573393A' is selected.
16:26:52 INFO  : 'jtag frequency' command is executed.
16:26:52 INFO  : Sourcing of 'C:/Users/labview/axis_slvMas/axis_slvMas.sdk/design_1_wrapper_hw_platform_0/ps7_init.tcl' is done.
16:26:52 INFO  : Context for 'APU' is selected.
16:26:52 INFO  : Hardware design information is loaded from 'C:/Users/labview/axis_slvMas/axis_slvMas.sdk/design_1_wrapper_hw_platform_0/system.hdf'.
16:26:52 INFO  : 'configparams force-mem-access 1' command is executed.
16:26:52 INFO  : Context for 'APU' is selected.
16:26:52 INFO  : 'stop' command is executed.
16:26:52 INFO  : 'ps7_init' command is executed.
16:26:52 INFO  : 'ps7_post_config' command is executed.
16:26:52 INFO  : Context for processor 'ps7_cortexa9_0' is selected.
16:26:52 INFO  : Processor reset is completed for 'ps7_cortexa9_0'.
16:26:52 INFO  : Context for processor 'ps7_cortexa9_0' is selected.
16:26:53 INFO  : The application 'C:/Users/labview/axis_slvMas/axis_slvMas.sdk/axis_sm/Debug/axis_sm.elf' is downloaded to processor 'ps7_cortexa9_0'.
16:26:53 INFO  : 'configparams force-mem-access 0' command is executed.
16:26:53 INFO  : ----------------XSDB Script----------------
connect -url tcp:127.0.0.1:3121
source C:/Users/labview/axis_slvMas/axis_slvMas.sdk/design_1_wrapper_hw_platform_0/ps7_init.tcl
targets -set -nocase -filter {name =~"APU*" && jtag_cable_name =~ "Digilent Zybo 210279573393A"} -index 0
loadhw -hw C:/Users/labview/axis_slvMas/axis_slvMas.sdk/design_1_wrapper_hw_platform_0/system.hdf -mem-ranges [list {0x40000000 0xbfffffff}]
configparams force-mem-access 1
targets -set -nocase -filter {name =~"APU*" && jtag_cable_name =~ "Digilent Zybo 210279573393A"} -index 0
stop
ps7_init
ps7_post_config
targets -set -nocase -filter {name =~ "ARM*#0" && jtag_cable_name =~ "Digilent Zybo 210279573393A"} -index 0
rst -processor
targets -set -nocase -filter {name =~ "ARM*#0" && jtag_cable_name =~ "Digilent Zybo 210279573393A"} -index 0
dow C:/Users/labview/axis_slvMas/axis_slvMas.sdk/axis_sm/Debug/axis_sm.elf
configparams force-mem-access 0
----------------End of Script----------------

16:26:53 INFO  : Memory regions updated for context APU
16:26:53 INFO  : Context for processor 'ps7_cortexa9_0' is selected.
16:26:53 INFO  : 'con' command is executed.
16:26:53 INFO  : ----------------XSDB Script (After Launch)----------------
targets -set -nocase -filter {name =~ "ARM*#0" && jtag_cable_name =~ "Digilent Zybo 210279573393A"} -index 0
con
----------------End of Script----------------

16:26:53 INFO  : Launch script is exported to file 'C:\Users\labview\axis_slvMas\axis_slvMas.sdk\.sdk\launch_scripts\xilinx_c-c++_application_(system_debugger)\system_debugger_using_debug_axis_sm.elf_on_local.tcl'
16:37:21 INFO  : SDK has detected change in the last modified timestamps for source hardware specification file Source:1609326427486,  Project:1609325503549
16:37:21 INFO  : Project design_1_wrapper_hw_platform_0's source hardware specification located at C:/Users/labview/axis_slvMas/axis_slvMas.sdk/design_1_wrapper.hdf is now different from the local copy.
		 The local copy will be replaced with the source specification and your workspace will be updated.
16:37:41 INFO  : Project design_1_wrapper_hw_platform_0's source hardware specification location will not be monitored anymore.
16:37:45 WARN  : channel "tcfchan#2" closed
16:37:45 INFO  : Disconnected from the channel tcfchan#7.
16:37:47 ERROR : Unexpected error while parsing XMD response ?: com.google.gson.JsonSyntaxException: com.google.gson.stream.MalformedJsonException: invalid number or unquoted string near 
16:38:16 INFO  : Registering command handlers for SDK TCF services
16:38:16 INFO  : Launching XSCT server: xsct.bat -interactive C:\Users\labview\axis_slvMas\axis_slvMas.sdk\temp_xsdb_launch_script.tcl
16:38:20 INFO  : XSCT server has started successfully.
16:38:21 INFO  : Successfully done setting XSCT server connection channel  
16:38:21 INFO  : Successfully done setting SDK workspace  
16:38:21 INFO  : Processing command line option -hwspec C:/Users/labview/axis_slvMas/axis_slvMas.sdk/design_1_wrapper.hdf.
16:38:43 INFO  : Connected to target on host '127.0.0.1' and port '3121'.
16:38:45 INFO  : 'targets -set -filter {jtag_cable_name =~ "Digilent Zybo 210279573393A" && level==0} -index 1' command is executed.
16:38:47 INFO  : FPGA configured successfully with bitstream "C:/Users/labview/axis_slvMas/axis_slvMas.sdk/design_1_wrapper_hw_platform_1/design_1_wrapper.bit"
16:38:56 ERROR : Failed to start performance analysis programatically. It can be started manually from Performance Session Manager view.
16:39:59 INFO  : Connected to target on host '127.0.0.1' and port '3121'.
16:39:59 INFO  : 'targets -set -filter {jtag_cable_name =~ "Digilent Zybo 210279573393A" && level==0} -index 1' command is executed.
16:40:00 INFO  : FPGA configured successfully with bitstream "C:/Users/labview/axis_slvMas/axis_slvMas.sdk/design_1_wrapper_hw_platform_1/design_1_wrapper.bit"
16:41:21 INFO  : Registering command handlers for SDK TCF services
16:41:21 INFO  : Launching XSCT server: xsct.bat -interactive C:\Users\labview\axis_slvMas\axis_slvMas.sdk\temp_xsdb_launch_script.tcl
16:41:24 INFO  : XSCT server has started successfully.
16:41:24 INFO  : Successfully done setting XSCT server connection channel  
16:41:24 INFO  : Successfully done setting SDK workspace  
16:41:24 INFO  : Processing command line option -hwspec C:/Users/labview/axis_slvMas/axis_slvMas.sdk/design_1_wrapper.hdf.
16:44:17 INFO  : Connected to target on host '127.0.0.1' and port '3121'.
16:44:18 INFO  : 'targets -set -filter {jtag_cable_name =~ "Digilent Zybo 210279573393A" && level==0} -index 1' command is executed.
16:44:20 INFO  : FPGA configured successfully with bitstream "C:/Users/labview/axis_slvMas/axis_slvMas.sdk/design_1_wrapper_hw_platform_0/design_1_wrapper.bit"
16:46:43 INFO  : Connected to target on host '127.0.0.1' and port '3121'.
16:46:44 INFO  : 'targets -set -filter {jtag_cable_name =~ "Digilent Zybo 210279573393A" && level==0} -index 1' command is executed.
16:46:45 INFO  : FPGA configured successfully with bitstream "C:/Users/labview/axis_slvMas/axis_slvMas.sdk/design_1_wrapper_hw_platform_0/design_1_wrapper.bit"
16:47:09 INFO  : 'targets -set -filter {jtag_cable_name =~ "Digilent Zybo 210279573393A" && level==0} -index 1' command is executed.
16:47:09 INFO  : 'fpga -state' command is executed.
16:47:09 INFO  : Connected to target on host '127.0.0.1' and port '3121'.
16:47:09 INFO  : Jtag cable 'Digilent Zybo 210279573393A' is selected.
16:47:09 INFO  : 'jtag frequency' command is executed.
16:47:09 INFO  : Sourcing of 'C:/Users/labview/axis_slvMas/axis_slvMas.sdk/design_1_wrapper_hw_platform_0/ps7_init.tcl' is done.
16:47:09 INFO  : Context for 'APU' is selected.
16:47:09 INFO  : Hardware design information is loaded from 'C:/Users/labview/axis_slvMas/axis_slvMas.sdk/design_1_wrapper_hw_platform_0/system.hdf'.
16:47:09 INFO  : 'configparams force-mem-access 1' command is executed.
16:47:09 INFO  : Context for 'APU' is selected.
16:47:09 INFO  : 'stop' command is executed.
16:47:09 INFO  : 'ps7_init' command is executed.
16:47:09 INFO  : 'ps7_post_config' command is executed.
16:47:09 INFO  : Context for processor 'ps7_cortexa9_0' is selected.
16:47:09 INFO  : Processor reset is completed for 'ps7_cortexa9_0'.
16:47:09 INFO  : Context for processor 'ps7_cortexa9_0' is selected.
16:47:09 INFO  : The application 'C:/Users/labview/axis_slvMas/axis_slvMas.sdk/dmatest/Debug/dmatest.elf' is downloaded to processor 'ps7_cortexa9_0'.
16:47:09 INFO  : 'configparams force-mem-access 0' command is executed.
16:47:09 INFO  : ----------------XSDB Script----------------
connect -url tcp:127.0.0.1:3121
source C:/Users/labview/axis_slvMas/axis_slvMas.sdk/design_1_wrapper_hw_platform_0/ps7_init.tcl
targets -set -nocase -filter {name =~"APU*" && jtag_cable_name =~ "Digilent Zybo 210279573393A"} -index 0
loadhw -hw C:/Users/labview/axis_slvMas/axis_slvMas.sdk/design_1_wrapper_hw_platform_0/system.hdf -mem-ranges [list {0x40000000 0xbfffffff}]
configparams force-mem-access 1
targets -set -nocase -filter {name =~"APU*" && jtag_cable_name =~ "Digilent Zybo 210279573393A"} -index 0
stop
ps7_init
ps7_post_config
targets -set -nocase -filter {name =~ "ARM*#0" && jtag_cable_name =~ "Digilent Zybo 210279573393A"} -index 0
rst -processor
targets -set -nocase -filter {name =~ "ARM*#0" && jtag_cable_name =~ "Digilent Zybo 210279573393A"} -index 0
dow C:/Users/labview/axis_slvMas/axis_slvMas.sdk/dmatest/Debug/dmatest.elf
configparams force-mem-access 0
----------------End of Script----------------

16:47:09 INFO  : Memory regions updated for context APU
16:47:09 INFO  : Context for processor 'ps7_cortexa9_0' is selected.
16:47:10 INFO  : 'con' command is executed.
16:47:10 INFO  : ----------------XSDB Script (After Launch)----------------
targets -set -nocase -filter {name =~ "ARM*#0" && jtag_cable_name =~ "Digilent Zybo 210279573393A"} -index 0
con
----------------End of Script----------------

16:47:10 INFO  : Launch script is exported to file 'C:\Users\labview\axis_slvMas\axis_slvMas.sdk\.sdk\launch_scripts\xilinx_c-c++_application_(system_debugger)\system_debugger_using_debug_dmatest.elf_on_local.tcl'
16:47:20 INFO  : Disconnected from the channel tcfchan#1.
16:47:21 INFO  : 'targets -set -filter {jtag_cable_name =~ "Digilent Zybo 210279573393A" && level==0} -index 1' command is executed.
16:47:21 INFO  : 'fpga -state' command is executed.
16:47:21 INFO  : Connected to target on host '127.0.0.1' and port '3121'.
16:47:21 INFO  : Jtag cable 'Digilent Zybo 210279573393A' is selected.
16:47:21 INFO  : 'jtag frequency' command is executed.
16:47:21 INFO  : Sourcing of 'C:/Users/labview/axis_slvMas/axis_slvMas.sdk/design_1_wrapper_hw_platform_0/ps7_init.tcl' is done.
16:47:21 INFO  : Context for 'APU' is selected.
16:47:23 INFO  : Hardware design information is loaded from 'C:/Users/labview/axis_slvMas/axis_slvMas.sdk/design_1_wrapper_hw_platform_0/system.hdf'.
16:47:23 INFO  : 'configparams force-mem-access 1' command is executed.
16:47:23 INFO  : Context for 'APU' is selected.
16:47:23 INFO  : 'stop' command is executed.
16:47:23 INFO  : 'ps7_init' command is executed.
16:47:23 INFO  : 'ps7_post_config' command is executed.
16:47:23 INFO  : Context for processor 'ps7_cortexa9_0' is selected.
16:47:23 INFO  : Processor reset is completed for 'ps7_cortexa9_0'.
16:47:23 INFO  : Context for processor 'ps7_cortexa9_0' is selected.
16:47:23 INFO  : The application 'C:/Users/labview/axis_slvMas/axis_slvMas.sdk/dmatest/Debug/dmatest.elf' is downloaded to processor 'ps7_cortexa9_0'.
16:47:23 INFO  : 'configparams force-mem-access 0' command is executed.
16:47:23 INFO  : ----------------XSDB Script----------------
connect -url tcp:127.0.0.1:3121
source C:/Users/labview/axis_slvMas/axis_slvMas.sdk/design_1_wrapper_hw_platform_0/ps7_init.tcl
targets -set -nocase -filter {name =~"APU*" && jtag_cable_name =~ "Digilent Zybo 210279573393A"} -index 0
loadhw -hw C:/Users/labview/axis_slvMas/axis_slvMas.sdk/design_1_wrapper_hw_platform_0/system.hdf -mem-ranges [list {0x40000000 0xbfffffff}]
configparams force-mem-access 1
targets -set -nocase -filter {name =~"APU*" && jtag_cable_name =~ "Digilent Zybo 210279573393A"} -index 0
stop
ps7_init
ps7_post_config
targets -set -nocase -filter {name =~ "ARM*#0" && jtag_cable_name =~ "Digilent Zybo 210279573393A"} -index 0
rst -processor
targets -set -nocase -filter {name =~ "ARM*#0" && jtag_cable_name =~ "Digilent Zybo 210279573393A"} -index 0
dow C:/Users/labview/axis_slvMas/axis_slvMas.sdk/dmatest/Debug/dmatest.elf
configparams force-mem-access 0
----------------End of Script----------------

16:47:23 INFO  : Memory regions updated for context APU
16:47:24 INFO  : Context for processor 'ps7_cortexa9_0' is selected.
16:47:24 INFO  : 'con' command is executed.
16:47:24 INFO  : ----------------XSDB Script (After Launch)----------------
targets -set -nocase -filter {name =~ "ARM*#0" && jtag_cable_name =~ "Digilent Zybo 210279573393A"} -index 0
con
----------------End of Script----------------

16:47:24 INFO  : Launch script is exported to file 'C:\Users\labview\axis_slvMas\axis_slvMas.sdk\.sdk\launch_scripts\xilinx_c-c++_application_(system_debugger)\system_debugger_using_debug_dmatest.elf_on_local.tcl'
16:56:37 INFO  : Disconnected from the channel tcfchan#2.
17:43:12 INFO  : Registering command handlers for SDK TCF services
17:43:13 INFO  : Launching XSCT server: xsct.bat -interactive C:\Users\labview\axis_slvMas\axis_slvMas.sdk\temp_xsdb_launch_script.tcl
17:43:15 INFO  : XSCT server has started successfully.
17:43:15 INFO  : Successfully done setting XSCT server connection channel  
17:43:16 INFO  : Successfully done setting SDK workspace  
17:43:16 INFO  : Processing command line option -hwspec C:/Users/labview/axis_slvMas/axis_slvMas.sdk/design_1_wrapper.hdf.
17:43:16 INFO  : Checking for hwspec changes in the project design_1_wrapper_hw_platform_0.
17:44:12 INFO  : Registering command handlers for SDK TCF services
17:44:13 INFO  : Launching XSCT server: xsct.bat -interactive C:\Users\labview\axis_slvMas\axis_slvMas.sdk\temp_xsdb_launch_script.tcl
17:44:15 INFO  : XSCT server has started successfully.
17:44:15 INFO  : Successfully done setting XSCT server connection channel  
17:44:15 INFO  : Successfully done setting SDK workspace  
17:44:15 INFO  : Processing command line option -hwspec C:/Users/labview/axis_slvMas/axis_slvMas.sdk/design_1_wrapper.hdf.
17:44:15 INFO  : Checking for hwspec changes in the project design_1_wrapper_hw_platform_0.
23:54:25 INFO  : Registering command handlers for SDK TCF services
23:54:25 INFO  : Launching XSCT server: xsct.bat -interactive C:\Users\labview\axis_slvMas\axis_slvMas.sdk\temp_xsdb_launch_script.tcl
23:54:27 INFO  : XSCT server has started successfully.
23:54:28 INFO  : Successfully done setting XSCT server connection channel  
23:54:28 INFO  : Successfully done setting SDK workspace  
23:54:28 INFO  : Processing command line option -hwspec C:/Users/labview/axis_slvMas/axis_slvMas.sdk/design_1_wrapper.hdf.
23:54:28 INFO  : Checking for hwspec changes in the project design_1_wrapper_hw_platform_0.
